 ErrorResults 
  stamp : 2025-11-29T16:37:43Z
  target_type : armor_red_1
  model_name : armor_red_1
  pose : 
       - position : [-0.0100714 , 8.43556 , 2.34876]
       - orientation : [0.718376 , 0.695377 , 0.017358 , -0.00917919]
  RingCirclePositionError : 0
  position_error : 0.558076
  orientation_error : 1.53866
  found_in_gazebo : 1

 ErrorResults 
  stamp : 2025-11-29T16:37:43Z
  target_type : armor_red_4
  model_name : armor_red_4
  pose : 
       - position : [-2.12177 , 8.38721 , 3.38929]
       - orientation : [0.704329 , 0.707947 , -0.0447943 , 0.0269412]
  RingCirclePositionError : 0
  position_error : 0.562415
  orientation_error : 1.57864
  found_in_gazebo : 1

 ErrorResults 
  stamp : 2025-11-29T16:37:43Z
  target_type : armor_red_1
  model_name : armor_red_1
  pose : 
       - position : [-0.0105797 , 8.41717 , 2.34546]
       - orientation : [0.701464 , 0.711712 , 0.0313159 , -0.0208301]
  RingCirclePositionError : 0
  position_error : 0.541743
  orientation_error : 1.58669
  found_in_gazebo : 1

 ErrorResults 
  stamp : 2025-11-29T16:37:43Z
  target_type : armor_red_4
  model_name : armor_red_4
  pose : 
       - position : [-2.12177 , 8.38721 , 3.38929]
       - orientation : [0.704329 , 0.707947 , -0.0447943 , 0.0269412]
  RingCirclePositionError : 0
  position_error : 0.562415
  orientation_error : 1.57864
  found_in_gazebo : 1

 ErrorResults 
  stamp : 2025-11-29T16:37:43Z
  target_type : armor_red_1
  model_name : armor_red_1
  pose : 
       - position : [-0.0105797 , 8.41717 , 2.34546]
       - orientation : [0.701464 , 0.711712 , 0.0313159 , -0.0208301]
  RingCirclePositionError : 0
  position_error : 0.541743
  orientation_error : 1.58669
  found_in_gazebo : 1

 ErrorResults 
  stamp : 2025-11-29T16:37:43Z
  target_type : armor_red_4
  model_name : armor_red_4
  pose : 
       - position : [-2.12177 , 8.38721 , 3.38929]
       - orientation : [0.704329 , 0.707947 , -0.0447943 , 0.0269412]
  RingCirclePositionError : 0
  position_error : 0.562415
  orientation_error : 1.57864
  found_in_gazebo : 1

 ErrorResults 
  stamp : 2025-11-29T16:37:44Z
  target_type : armor_red_1
  model_name : armor_red_1
  pose : 
       - position : [-0.0100714 , 8.43556 , 2.34876]
       - orientation : [0.718376 , 0.695377 , 0.017358 , -0.00917919]
  RingCirclePositionError : 0
  position_error : 0.558076
  orientation_error : 1.53866
  found_in_gazebo : 1

 ErrorResults 
  stamp : 2025-11-29T16:37:44Z
  target_type : armor_red_4
  model_name : armor_red_4
  pose : 
       - position : [-2.12177 , 8.38721 , 3.38929]
       - orientation : [0.704329 , 0.707947 , -0.0447943 , 0.0269412]
  RingCirclePositionError : 0
  position_error : 0.562415
  orientation_error : 1.57864
  found_in_gazebo : 1

 ErrorResults 
  stamp : 2025-11-29T16:37:44Z
  target_type : armor_red_1
  model_name : armor_red_1
  pose : 
       - position : [-0.0100714 , 8.43556 , 2.34876]
       - orientation : [0.718376 , 0.695377 , 0.017358 , -0.00917919]
  RingCirclePositionError : 0
  position_error : 0.558076
  orientation_error : 1.53866
  found_in_gazebo : 1

 ErrorResults 
  stamp : 2025-11-29T16:37:44Z
  target_type : armor_red_4
  model_name : armor_red_4
  pose : 
       - position : [-2.12177 , 8.38721 , 3.38929]
       - orientation : [0.704329 , 0.707947 , -0.0447943 , 0.0269412]
  RingCirclePositionError : 0
  position_error : 0.562415
  orientation_error : 1.57864
  found_in_gazebo : 1

 ErrorResults 
  stamp : 2025-11-29T16:37:44Z
  target_type : armor_red_1
  model_name : armor_red_1
  pose : 
       - position : [-0.0105797 , 8.41717 , 2.34546]
       - orientation : [0.701464 , 0.711712 , 0.0313159 , -0.0208301]
  RingCirclePositionError : 0
  position_error : 0.541743
  orientation_error : 1.58669
  found_in_gazebo : 1

 ErrorResults 
  stamp : 2025-11-29T16:37:44Z
  target_type : armor_red_4
  model_name : armor_red_4
  pose : 
       - position : [-2.12177 , 8.38721 , 3.38929]
       - orientation : [0.704329 , 0.707947 , -0.0447943 , 0.0269412]
  RingCirclePositionError : 0
  position_error : 0.562415
  orientation_error : 1.57864
  found_in_gazebo : 1

 ErrorResults 
  stamp : 2025-11-29T16:37:44Z
  target_type : armor_red_1
  model_name : armor_red_1
  pose : 
       - position : [-0.0105797 , 8.41717 , 2.34546]
       - orientation : [0.701464 , 0.711712 , 0.0313159 , -0.0208301]
  RingCirclePositionError : 0
  position_error : 0.541743
  orientation_error : 1.58669
  found_in_gazebo : 1

 ErrorResults 
  stamp : 2025-11-29T16:37:44Z
  target_type : armor_red_4
  model_name : armor_red_4
  pose : 
       - position : [-2.12177 , 8.38721 , 3.38929]
       - orientation : [0.704329 , 0.707947 , -0.0447943 , 0.0269412]
  RingCirclePositionError : 0
  position_error : 0.562415
  orientation_error : 1.57864
  found_in_gazebo : 1

 ErrorResults 
  stamp : 2025-11-29T16:37:44Z
  target_type : armor_red_1
  model_name : armor_red_1
  pose : 
       - position : [-0.0100714 , 8.43556 , 2.34876]
       - orientation : [0.718376 , 0.695377 , 0.017358 , -0.00917919]
  RingCirclePositionError : 0
  position_error : 0.558076
  orientation_error : 1.53866
  found_in_gazebo : 1

 ErrorResults 
  stamp : 2025-11-29T16:37:44Z
  target_type : armor_red_4
  model_name : armor_red_4
  pose : 
       - position : [-2.12177 , 8.38721 , 3.38929]
       - orientation : [0.704329 , 0.707947 , -0.0447943 , 0.0269412]
  RingCirclePositionError : 0
  position_error : 0.562415
  orientation_error : 1.57864
  found_in_gazebo : 1

 ErrorResults 
  stamp : 2025-11-29T16:37:44Z
  target_type : armor_red_1
  model_name : armor_red_1
  pose : 
       - position : [-0.0100714 , 8.43556 , 2.34876]
       - orientation : [0.718376 , 0.695377 , 0.017358 , -0.00917919]
  RingCirclePositionError : 0
  position_error : 0.558076
  orientation_error : 1.53866
  found_in_gazebo : 1

 ErrorResults 
  stamp : 2025-11-29T16:37:44Z
  target_type : armor_red_4
  model_name : armor_red_4
  pose : 
       - position : [-2.12177 , 8.38721 , 3.38929]
       - orientation : [0.704329 , 0.707947 , -0.0447943 , 0.0269412]
  RingCirclePositionError : 0
  position_error : 0.562415
  orientation_error : 1.57864
  found_in_gazebo : 1

 ErrorResults 
  stamp : 2025-11-29T16:37:44Z
  target_type : armor_red_1
  model_name : armor_red_1
  pose : 
       - position : [-0.0105797 , 8.41717 , 2.34546]
       - orientation : [0.701464 , 0.711712 , 0.0313159 , -0.0208301]
  RingCirclePositionError : 0
  position_error : 0.541743
  orientation_error : 1.58669
  found_in_gazebo : 1

 ErrorResults 
  stamp : 2025-11-29T16:37:44Z
  target_type : armor_red_4
  model_name : armor_red_4
  pose : 
       - position : [-2.12532 , 8.39191 , 3.39315]
       - orientation : [0.717005 , 0.696111 , -0.0317027 , 0.0180949]
  RingCirclePositionError : 0
  position_error : 0.569097
  orientation_error : 1.5426
  found_in_gazebo : 1

 ErrorResults 
  stamp : 2025-11-29T16:37:45Z
  target_type : armor_red_1
  model_name : armor_red_1
  pose : 
       - position : [-0.0105797 , 8.41717 , 2.34546]
       - orientation : [0.701464 , 0.711712 , 0.0313159 , -0.0208301]
  RingCirclePositionError : 0
  position_error : 0.541743
  orientation_error : 1.58669
  found_in_gazebo : 1

 ErrorResults 
  stamp : 2025-11-29T16:37:45Z
  target_type : armor_red_4
  model_name : armor_red_4
  pose : 
       - position : [-2.12177 , 8.38721 , 3.38929]
       - orientation : [0.704329 , 0.707947 , -0.0447943 , 0.0269412]
  RingCirclePositionError : 0
  position_error : 0.562415
  orientation_error : 1.57864
  found_in_gazebo : 1

 ErrorResults 
  stamp : 2025-11-29T16:37:45Z
  target_type : armor_red_1
  model_name : armor_red_1
  pose : 
       - position : [-0.0100714 , 8.43556 , 2.34876]
       - orientation : [0.718376 , 0.695377 , 0.017358 , -0.00917919]
  RingCirclePositionError : 0
  position_error : 0.558076
  orientation_error : 1.53866
  found_in_gazebo : 1

 ErrorResults 
  stamp : 2025-11-29T16:37:45Z
  target_type : armor_red_4
  model_name : armor_red_4
  pose : 
       - position : [-2.12177 , 8.38721 , 3.38929]
       - orientation : [0.704329 , 0.707947 , -0.0447943 , 0.0269412]
  RingCirclePositionError : 0
  position_error : 0.562415
  orientation_error : 1.57864
  found_in_gazebo : 1

 ErrorResults 
  stamp : 2025-11-29T16:37:45Z
  target_type : armor_red_1
  model_name : armor_red_1
  pose : 
       - position : [-0.0105797 , 8.41717 , 2.34546]
       - orientation : [0.701464 , 0.711712 , 0.0313159 , -0.0208301]
  RingCirclePositionError : 0
  position_error : 0.541743
  orientation_error : 1.58669
  found_in_gazebo : 1

 ErrorResults 
  stamp : 2025-11-29T16:37:45Z
  target_type : armor_red_4
  model_name : armor_red_4
  pose : 
       - position : [-2.12177 , 8.38721 , 3.38929]
       - orientation : [0.704329 , 0.707947 , -0.0447943 , 0.0269412]
  RingCirclePositionError : 0
  position_error : 0.562415
  orientation_error : 1.57864
  found_in_gazebo : 1

 ErrorResults 
  stamp : 2025-11-29T16:37:45Z
  target_type : armor_red_1
  model_name : armor_red_1
  pose : 
       - position : [-0.00738323 , 8.48945 , 2.36371]
       - orientation : [0.707416 , 0.706729 , -0.00843167 , 0.00503664]
  RingCirclePositionError : 0
  position_error : 0.609838
  orientation_error : 1.56992
  found_in_gazebo : 1

 ErrorResults 
  stamp : 2025-11-29T16:37:45Z
  target_type : armor_red_4
  model_name : armor_red_4
  pose : 
       - position : [-2.12177 , 8.38721 , 3.38929]
       - orientation : [0.704329 , 0.707947 , -0.0447943 , 0.0269412]
  RingCirclePositionError : 0
  position_error : 0.562415
  orientation_error : 1.57864
  found_in_gazebo : 1

 ErrorResults 
  stamp : 2025-11-29T16:37:45Z
  target_type : armor_red_1
  model_name : armor_red_1
  pose : 
       - position : [-0.0105797 , 8.41717 , 2.34546]
       - orientation : [0.701464 , 0.711712 , 0.0313159 , -0.0208301]
  RingCirclePositionError : 0
  position_error : 0.541743
  orientation_error : 1.58669
  found_in_gazebo : 1

 ErrorResults 
  stamp : 2025-11-29T16:37:45Z
  target_type : armor_red_4
  model_name : armor_red_4
  pose : 
       - position : [-2.12177 , 8.38721 , 3.38929]
       - orientation : [0.704329 , 0.707947 , -0.0447943 , 0.0269412]
  RingCirclePositionError : 0
  position_error : 0.562415
  orientation_error : 1.57864
  found_in_gazebo : 1

 ErrorResults 
  stamp : 2025-11-29T16:37:45Z
  target_type : armor_red_1
  model_name : armor_red_1
  pose : 
       - position : [-0.0105797 , 8.41717 , 2.34546]
       - orientation : [0.701464 , 0.711712 , 0.0313159 , -0.0208301]
  RingCirclePositionError : 0
  position_error : 0.541743
  orientation_error : 1.58669
  found_in_gazebo : 1

 ErrorResults 
  stamp : 2025-11-29T16:37:45Z
  target_type : armor_red_4
  model_name : armor_red_4
  pose : 
       - position : [-2.12177 , 8.38721 , 3.38929]
       - orientation : [0.704329 , 0.707947 , -0.0447943 , 0.0269412]
  RingCirclePositionError : 0
  position_error : 0.562415
  orientation_error : 1.57864
  found_in_gazebo : 1

 ErrorResults 
  stamp : 2025-11-29T16:37:45Z
  target_type : armor_red_1
  model_name : armor_red_1
  pose : 
       - position : [-0.0100714 , 8.43556 , 2.34876]
       - orientation : [0.718376 , 0.695377 , 0.017358 , -0.00917919]
  RingCirclePositionError : 0
  position_error : 0.558076
  orientation_error : 1.53866
  found_in_gazebo : 1

 ErrorResults 
  stamp : 2025-11-29T16:37:45Z
  target_type : armor_red_4
  model_name : armor_red_4
  pose : 
       - position : [-2.12177 , 8.38721 , 3.38929]
       - orientation : [0.704329 , 0.707947 , -0.0447943 , 0.0269412]
  RingCirclePositionError : 0
  position_error : 0.562415
  orientation_error : 1.57864
  found_in_gazebo : 1

 ErrorResults 
  stamp : 2025-11-29T16:37:46Z
  target_type : armor_red_1
  model_name : armor_red_1
  pose : 
       - position : [-0.0105797 , 8.41717 , 2.34546]
       - orientation : [0.701464 , 0.711712 , 0.0313159 , -0.0208301]
  RingCirclePositionError : 0
  position_error : 0.541743
  orientation_error : 1.58669
  found_in_gazebo : 1

 ErrorResults 
  stamp : 2025-11-29T16:37:46Z
  target_type : armor_red_4
  model_name : armor_red_4
  pose : 
       - position : [-2.12177 , 8.38721 , 3.38929]
       - orientation : [0.704329 , 0.707947 , -0.0447943 , 0.0269412]
  RingCirclePositionError : 0
  position_error : 0.562415
  orientation_error : 1.57864
  found_in_gazebo : 1

 ErrorResults 
  stamp : 2025-11-29T16:37:46Z
  target_type : armor_red_1
  model_name : armor_red_1
  pose : 
       - position : [-0.0105797 , 8.41717 , 2.34546]
       - orientation : [0.701464 , 0.711712 , 0.0313159 , -0.0208301]
  RingCirclePositionError : 0
  position_error : 0.541743
  orientation_error : 1.58669
  found_in_gazebo : 1

 ErrorResults 
  stamp : 2025-11-29T16:37:46Z
  target_type : armor_red_4
  model_name : armor_red_4
  pose : 
       - position : [-2.12177 , 8.38721 , 3.38929]
       - orientation : [0.704329 , 0.707947 , -0.0447943 , 0.0269412]
  RingCirclePositionError : 0
  position_error : 0.562415
  orientation_error : 1.57864
  found_in_gazebo : 1

 ErrorResults 
  stamp : 2025-11-29T16:37:46Z
  target_type : armor_red_1
  model_name : armor_red_1
  pose : 
       - position : [-0.0100714 , 8.43556 , 2.34876]
       - orientation : [0.718376 , 0.695377 , 0.017358 , -0.00917919]
  RingCirclePositionError : 0
  position_error : 0.558076
  orientation_error : 1.53866
  found_in_gazebo : 1

 ErrorResults 
  stamp : 2025-11-29T16:37:46Z
  target_type : armor_red_4
  model_name : armor_red_4
  pose : 
       - position : [-2.12177 , 8.38721 , 3.38929]
       - orientation : [0.704329 , 0.707947 , -0.0447943 , 0.0269412]
  RingCirclePositionError : 0
  position_error : 0.562415
  orientation_error : 1.57864
  found_in_gazebo : 1

 ErrorResults 
  stamp : 2025-11-29T16:37:46Z
  target_type : armor_red_1
  model_name : armor_red_1
  pose : 
       - position : [-0.00954642 , 8.40399 , 2.3418]
       - orientation : [0.705168 , 0.705676 , 0.0587799 , -0.0361189]
  RingCirclePositionError : 0
  position_error : 0.529273
  orientation_error : 1.57627
  found_in_gazebo : 1

 ErrorResults 
  stamp : 2025-11-29T16:37:46Z
  target_type : armor_red_4
  model_name : armor_red_4
  pose : 
       - position : [-2.12177 , 8.38721 , 3.38929]
       - orientation : [0.704329 , 0.707947 , -0.0447943 , 0.0269412]
  RingCirclePositionError : 0
  position_error : 0.562415
  orientation_error : 1.57864
  found_in_gazebo : 1

 ErrorResults 
  stamp : 2025-11-29T16:37:46Z
  target_type : armor_red_1
  model_name : armor_red_1
  pose : 
       - position : [-0.0100714 , 8.43556 , 2.34876]
       - orientation : [0.718376 , 0.695377 , 0.017358 , -0.00917919]
  RingCirclePositionError : 0
  position_error : 0.558076
  orientation_error : 1.53866
  found_in_gazebo : 1

 ErrorResults 
  stamp : 2025-11-29T16:37:46Z
  target_type : armor_red_4
  model_name : armor_red_4
  pose : 
       - position : [-2.12177 , 8.38721 , 3.38929]
       - orientation : [0.704329 , 0.707947 , -0.0447943 , 0.0269412]
  RingCirclePositionError : 0
  position_error : 0.562415
  orientation_error : 1.57864
  found_in_gazebo : 1

 ErrorResults 
  stamp : 2025-11-29T16:37:46Z
  target_type : armor_red_1
  model_name : armor_red_1
  pose : 
       - position : [-0.0105797 , 8.41717 , 2.34546]
       - orientation : [0.701464 , 0.711712 , 0.0313159 , -0.0208301]
  RingCirclePositionError : 0
  position_error : 0.541743
  orientation_error : 1.58669
  found_in_gazebo : 1

 ErrorResults 
  stamp : 2025-11-29T16:37:46Z
  target_type : armor_red_4
  model_name : armor_red_4
  pose : 
       - position : [-2.12177 , 8.38721 , 3.38929]
       - orientation : [0.704329 , 0.707947 , -0.0447943 , 0.0269412]
  RingCirclePositionError : 0
  position_error : 0.562415
  orientation_error : 1.57864
  found_in_gazebo : 1

 ErrorResults 
  stamp : 2025-11-29T16:37:46Z
  target_type : armor_red_1
  model_name : armor_red_1
  pose : 
       - position : [-0.0100714 , 8.43556 , 2.34876]
       - orientation : [0.718376 , 0.695377 , 0.017358 , -0.00917919]
  RingCirclePositionError : 0
  position_error : 0.558076
  orientation_error : 1.53866
  found_in_gazebo : 1

 ErrorResults 
  stamp : 2025-11-29T16:37:46Z
  target_type : armor_red_4
  model_name : armor_red_4
  pose : 
       - position : [-2.12177 , 8.38721 , 3.38929]
       - orientation : [0.704329 , 0.707947 , -0.0447943 , 0.0269412]
  RingCirclePositionError : 0
  position_error : 0.562415
  orientation_error : 1.57864
  found_in_gazebo : 1

 ErrorResults 
  stamp : 2025-11-29T16:37:47Z
  target_type : armor_red_1
  model_name : armor_red_1
  pose : 
       - position : [-0.0100714 , 8.43556 , 2.34876]
       - orientation : [0.718376 , 0.695377 , 0.017358 , -0.00917919]
  RingCirclePositionError : 0
  position_error : 0.558076
  orientation_error : 1.53866
  found_in_gazebo : 1

 ErrorResults 
  stamp : 2025-11-29T16:37:47Z
  target_type : armor_red_4
  model_name : armor_red_4
  pose : 
       - position : [-2.12177 , 8.38721 , 3.38929]
       - orientation : [0.704329 , 0.707947 , -0.0447943 , 0.0269412]
  RingCirclePositionError : 0
  position_error : 0.562415
  orientation_error : 1.57864
  found_in_gazebo : 1

 ErrorResults 
  stamp : 2025-11-29T16:37:47Z
  target_type : armor_red_1
  model_name : armor_red_1
  pose : 
       - position : [-0.0105797 , 8.41717 , 2.34546]
       - orientation : [0.701464 , 0.711712 , 0.0313159 , -0.0208301]
  RingCirclePositionError : 0
  position_error : 0.541743
  orientation_error : 1.58669
  found_in_gazebo : 1

 ErrorResults 
  stamp : 2025-11-29T16:37:47Z
  target_type : armor_red_4
  model_name : armor_red_4
  pose : 
       - position : [-2.12177 , 8.38721 , 3.38929]
       - orientation : [0.704329 , 0.707947 , -0.0447943 , 0.0269412]
  RingCirclePositionError : 0
  position_error : 0.562415
  orientation_error : 1.57864
  found_in_gazebo : 1

 ErrorResults 
  stamp : 2025-11-29T16:37:47Z
  target_type : armor_red_1
  model_name : armor_red_1
  pose : 
       - position : [-0.0105797 , 8.41717 , 2.34546]
       - orientation : [0.701464 , 0.711712 , 0.0313159 , -0.0208301]
  RingCirclePositionError : 0
  position_error : 0.541743
  orientation_error : 1.58669
  found_in_gazebo : 1

 ErrorResults 
  stamp : 2025-11-29T16:37:47Z
  target_type : armor_red_4
  model_name : armor_red_4
  pose : 
       - position : [-2.12177 , 8.38721 , 3.38929]
       - orientation : [0.704329 , 0.707947 , -0.0447943 , 0.0269412]
  RingCirclePositionError : 0
  position_error : 0.562415
  orientation_error : 1.57864
  found_in_gazebo : 1

 ErrorResults 
  stamp : 2025-11-29T16:37:47Z
  target_type : armor_red_1
  model_name : armor_red_1
  pose : 
       - position : [-0.0105797 , 8.41717 , 2.34546]
       - orientation : [0.701464 , 0.711712 , 0.0313159 , -0.0208301]
  RingCirclePositionError : 0
  position_error : 0.541743
  orientation_error : 1.58669
  found_in_gazebo : 1

 ErrorResults 
  stamp : 2025-11-29T16:37:47Z
  target_type : armor_red_4
  model_name : armor_red_4
  pose : 
       - position : [-2.12177 , 8.38721 , 3.38929]
       - orientation : [0.704329 , 0.707947 , -0.0447943 , 0.0269412]
  RingCirclePositionError : 0
  position_error : 0.562415
  orientation_error : 1.57864
  found_in_gazebo : 1

 ErrorResults 
  stamp : 2025-11-29T16:37:47Z
  target_type : armor_red_1
  model_name : armor_red_1
  pose : 
       - position : [-0.0105797 , 8.41717 , 2.34546]
       - orientation : [0.701464 , 0.711712 , 0.0313159 , -0.0208301]
  RingCirclePositionError : 0
  position_error : 0.541743
  orientation_error : 1.58669
  found_in_gazebo : 1

 ErrorResults 
  stamp : 2025-11-29T16:37:47Z
  target_type : armor_red_4
  model_name : armor_red_4
  pose : 
       - position : [-2.12177 , 8.38721 , 3.38929]
       - orientation : [0.704329 , 0.707947 , -0.0447943 , 0.0269412]
  RingCirclePositionError : 0
  position_error : 0.562415
  orientation_error : 1.57864
  found_in_gazebo : 1

 ErrorResults 
  stamp : 2025-11-29T16:37:47Z
  target_type : armor_red_1
  model_name : armor_red_1
  pose : 
       - position : [-0.0105797 , 8.41717 , 2.34546]
       - orientation : [0.701464 , 0.711712 , 0.0313159 , -0.0208301]
  RingCirclePositionError : 0
  position_error : 0.541743
  orientation_error : 1.58669
  found_in_gazebo : 1

 ErrorResults 
  stamp : 2025-11-29T16:37:47Z
  target_type : armor_red_4
  model_name : armor_red_4
  pose : 
       - position : [-2.12532 , 8.39191 , 3.39315]
       - orientation : [0.717005 , 0.696111 , -0.0317027 , 0.0180949]
  RingCirclePositionError : 0
  position_error : 0.569097
  orientation_error : 1.5426
  found_in_gazebo : 1

 ErrorResults 
  stamp : 2025-11-29T16:37:47Z
  target_type : armor_red_1
  model_name : armor_red_1
  pose : 
       - position : [-0.0100714 , 8.43556 , 2.34876]
       - orientation : [0.718376 , 0.695377 , 0.017358 , -0.00917919]
  RingCirclePositionError : 0
  position_error : 0.558076
  orientation_error : 1.53866
  found_in_gazebo : 1

 ErrorResults 
  stamp : 2025-11-29T16:37:47Z
  target_type : armor_red_4
  model_name : armor_red_4
  pose : 
       - position : [-2.12177 , 8.38721 , 3.38929]
       - orientation : [0.704329 , 0.707947 , -0.0447943 , 0.0269412]
  RingCirclePositionError : 0
  position_error : 0.562415
  orientation_error : 1.57864
  found_in_gazebo : 1

 ErrorResults 
  stamp : 2025-11-29T16:37:47Z
  target_type : armor_red_1
  model_name : armor_red_1
  pose : 
       - position : [-0.0100714 , 8.43556 , 2.34876]
       - orientation : [0.718376 , 0.695377 , 0.017358 , -0.00917919]
  RingCirclePositionError : 0
  position_error : 0.558076
  orientation_error : 1.53866
  found_in_gazebo : 1

 ErrorResults 
  stamp : 2025-11-29T16:37:47Z
  target_type : armor_red_4
  model_name : armor_red_4
  pose : 
       - position : [-2.12177 , 8.38721 , 3.38929]
       - orientation : [0.704329 , 0.707947 , -0.0447943 , 0.0269412]
  RingCirclePositionError : 0
  position_error : 0.562415
  orientation_error : 1.57864
  found_in_gazebo : 1

 ErrorResults 
  stamp : 2025-11-29T16:37:48Z
  target_type : armor_red_1
  model_name : armor_red_1
  pose : 
       - position : [-0.00778558 , 8.48967 , 2.36559]
       - orientation : [0.68472 , 0.728793 , 0.00191165 , -0.00401905]
  RingCirclePositionError : 0
  position_error : 0.611142
  orientation_error : 1.63315
  found_in_gazebo : 1

 ErrorResults 
  stamp : 2025-11-29T16:37:48Z
  target_type : armor_red_4
  model_name : armor_red_4
  pose : 
       - position : [-2.12177 , 8.38721 , 3.38929]
       - orientation : [0.704329 , 0.707947 , -0.0447943 , 0.0269412]
  RingCirclePositionError : 0
  position_error : 0.562415
  orientation_error : 1.57864
  found_in_gazebo : 1

 ErrorResults 
  stamp : 2025-11-29T16:37:48Z
  target_type : armor_red_1
  model_name : armor_red_1
  pose : 
       - position : [-0.0105797 , 8.41717 , 2.34546]
       - orientation : [0.701464 , 0.711712 , 0.0313159 , -0.0208301]
  RingCirclePositionError : 0
  position_error : 0.541743
  orientation_error : 1.58669
  found_in_gazebo : 1

 ErrorResults 
  stamp : 2025-11-29T16:37:48Z
  target_type : armor_red_4
  model_name : armor_red_4
  pose : 
       - position : [-2.12177 , 8.38721 , 3.38929]
       - orientation : [0.704329 , 0.707947 , -0.0447943 , 0.0269412]
  RingCirclePositionError : 0
  position_error : 0.562415
  orientation_error : 1.57864
  found_in_gazebo : 1

 ErrorResults 
  stamp : 2025-11-29T16:37:48Z
  target_type : armor_red_1
  model_name : armor_red_1
  pose : 
       - position : [-0.00954642 , 8.40399 , 2.3418]
       - orientation : [0.705168 , 0.705676 , 0.0587799 , -0.0361189]
  RingCirclePositionError : 0
  position_error : 0.529273
  orientation_error : 1.57627
  found_in_gazebo : 1

 ErrorResults 
  stamp : 2025-11-29T16:37:48Z
  target_type : armor_red_4
  model_name : armor_red_4
  pose : 
       - position : [-2.12177 , 8.38721 , 3.38929]
       - orientation : [0.704329 , 0.707947 , -0.0447943 , 0.0269412]
  RingCirclePositionError : 0
  position_error : 0.562415
  orientation_error : 1.57864
  found_in_gazebo : 1

 ErrorResults 
  stamp : 2025-11-29T16:37:48Z
  target_type : armor_red_1
  model_name : armor_red_1
  pose : 
       - position : [-0.0105797 , 8.41717 , 2.34546]
       - orientation : [0.701464 , 0.711712 , 0.0313159 , -0.0208301]
  RingCirclePositionError : 0
  position_error : 0.541743
  orientation_error : 1.58669
  found_in_gazebo : 1

 ErrorResults 
  stamp : 2025-11-29T16:37:48Z
  target_type : armor_red_4
  model_name : armor_red_4
  pose : 
       - position : [-2.12177 , 8.38721 , 3.38929]
       - orientation : [0.704329 , 0.707947 , -0.0447943 , 0.0269412]
  RingCirclePositionError : 0
  position_error : 0.562415
  orientation_error : 1.57864
  found_in_gazebo : 1

 ErrorResults 
  stamp : 2025-11-29T16:37:48Z
  target_type : armor_red_1
  model_name : armor_red_1
  pose : 
       - position : [-0.0100714 , 8.43556 , 2.34876]
       - orientation : [0.718376 , 0.695377 , 0.017358 , -0.00917919]
  RingCirclePositionError : 0
  position_error : 0.558076
  orientation_error : 1.53866
  found_in_gazebo : 1

 ErrorResults 
  stamp : 2025-11-29T16:37:48Z
  target_type : armor_red_4
  model_name : armor_red_4
  pose : 
       - position : [-2.12177 , 8.38721 , 3.38929]
       - orientation : [0.704329 , 0.707947 , -0.0447943 , 0.0269412]
  RingCirclePositionError : 0
  position_error : 0.562415
  orientation_error : 1.57864
  found_in_gazebo : 1

 ErrorResults 
  stamp : 2025-11-29T16:37:48Z
  target_type : armor_red_1
  model_name : armor_red_1
  pose : 
       - position : [-0.0100714 , 8.43556 , 2.34876]
       - orientation : [0.718376 , 0.695377 , 0.017358 , -0.00917919]
  RingCirclePositionError : 0
  position_error : 0.558076
  orientation_error : 1.53866
  found_in_gazebo : 1

 ErrorResults 
  stamp : 2025-11-29T16:37:48Z
  target_type : armor_red_4
  model_name : armor_red_4
  pose : 
       - position : [-2.12177 , 8.38721 , 3.38929]
       - orientation : [0.704329 , 0.707947 , -0.0447943 , 0.0269412]
  RingCirclePositionError : 0
  position_error : 0.562415
  orientation_error : 1.57864
  found_in_gazebo : 1

 ErrorResults 
  stamp : 2025-11-29T16:37:49Z
  target_type : armor_red_1
  model_name : armor_red_1
  pose : 
       - position : [-0.0105797 , 8.41717 , 2.34546]
       - orientation : [0.701464 , 0.711712 , 0.0313159 , -0.0208301]
  RingCirclePositionError : 0
  position_error : 0.541743
  orientation_error : 1.58669
  found_in_gazebo : 1

 ErrorResults 
  stamp : 2025-11-29T16:37:49Z
  target_type : armor_red_4
  model_name : armor_red_4
  pose : 
       - position : [-2.12177 , 8.38721 , 3.38929]
       - orientation : [0.704329 , 0.707947 , -0.0447943 , 0.0269412]
  RingCirclePositionError : 0
  position_error : 0.562415
  orientation_error : 1.57864
  found_in_gazebo : 1

 ErrorResults 
  stamp : 2025-11-29T16:37:49Z
  target_type : armor_red_1
  model_name : armor_red_1
  pose : 
       - position : [-0.0100714 , 8.43556 , 2.34876]
       - orientation : [0.718376 , 0.695377 , 0.017358 , -0.00917919]
  RingCirclePositionError : 0
  position_error : 0.558076
  orientation_error : 1.53866
  found_in_gazebo : 1

 ErrorResults 
  stamp : 2025-11-29T16:37:49Z
  target_type : armor_red_4
  model_name : armor_red_4
  pose : 
       - position : [-2.12177 , 8.38721 , 3.38929]
       - orientation : [0.704329 , 0.707947 , -0.0447943 , 0.0269412]
  RingCirclePositionError : 0
  position_error : 0.562415
  orientation_error : 1.57864
  found_in_gazebo : 1

 ErrorResults 
  stamp : 2025-11-29T16:37:49Z
  target_type : armor_red_1
  model_name : armor_red_1
  pose : 
       - position : [-0.0112291 , 8.48555 , 2.36266]
       - orientation : [0.713608 , 0.700486 , -0.00785366 , 0.00461362]
  RingCirclePositionError : 0
  position_error : 0.606137
  orientation_error : 1.55232
  found_in_gazebo : 1

 ErrorResults 
  stamp : 2025-11-29T16:37:49Z
  target_type : armor_red_4
  model_name : armor_red_4
  pose : 
       - position : [-2.12177 , 8.38721 , 3.38929]
       - orientation : [0.704329 , 0.707947 , -0.0447943 , 0.0269412]
  RingCirclePositionError : 0
  position_error : 0.562415
  orientation_error : 1.57864
  found_in_gazebo : 1

 ErrorResults 
  stamp : 2025-11-29T16:37:49Z
  target_type : armor_red_1
  model_name : armor_red_1
  pose : 
       - position : [-0.0105797 , 8.41717 , 2.34546]
       - orientation : [0.701464 , 0.711712 , 0.0313159 , -0.0208301]
  RingCirclePositionError : 0
  position_error : 0.541743
  orientation_error : 1.58669
  found_in_gazebo : 1

 ErrorResults 
  stamp : 2025-11-29T16:37:49Z
  target_type : armor_red_4
  model_name : armor_red_4
  pose : 
       - position : [-2.12177 , 8.38721 , 3.38929]
       - orientation : [0.704329 , 0.707947 , -0.0447943 , 0.0269412]
  RingCirclePositionError : 0
  position_error : 0.562415
  orientation_error : 1.57864
  found_in_gazebo : 1

 ErrorResults 
  stamp : 2025-11-29T16:37:49Z
  target_type : armor_red_1
  model_name : armor_red_1
  pose : 
       - position : [-0.0105797 , 8.41717 , 2.34546]
       - orientation : [0.701464 , 0.711712 , 0.0313159 , -0.0208301]
  RingCirclePositionError : 0
  position_error : 0.541743
  orientation_error : 1.58669
  found_in_gazebo : 1

 ErrorResults 
  stamp : 2025-11-29T16:37:49Z
  target_type : armor_red_4
  model_name : armor_red_4
  pose : 
       - position : [-2.12177 , 8.38721 , 3.38929]
       - orientation : [0.704329 , 0.707947 , -0.0447943 , 0.0269412]
  RingCirclePositionError : 0
  position_error : 0.562415
  orientation_error : 1.57864
  found_in_gazebo : 1

 ErrorResults 
  stamp : 2025-11-29T16:37:49Z
  target_type : armor_red_1
  model_name : armor_red_1
  pose : 
       - position : [-0.0105797 , 8.41717 , 2.34546]
       - orientation : [0.701464 , 0.711712 , 0.0313159 , -0.0208301]
  RingCirclePositionError : 0
  position_error : 0.541743
  orientation_error : 1.58669
  found_in_gazebo : 1

 ErrorResults 
  stamp : 2025-11-29T16:37:49Z
  target_type : armor_red_4
  model_name : armor_red_4
  pose : 
       - position : [-2.12177 , 8.38721 , 3.38929]
       - orientation : [0.704329 , 0.707947 , -0.0447943 , 0.0269412]
  RingCirclePositionError : 0
  position_error : 0.562415
  orientation_error : 1.57864
  found_in_gazebo : 1

 ErrorResults 
  stamp : 2025-11-29T16:37:50Z
  target_type : armor_red_1
  model_name : armor_red_1
  pose : 
       - position : [-0.0105797 , 8.41717 , 2.34546]
       - orientation : [0.701464 , 0.711712 , 0.0313159 , -0.0208301]
  RingCirclePositionError : 0
  position_error : 0.541743
  orientation_error : 1.58669
  found_in_gazebo : 1

 ErrorResults 
  stamp : 2025-11-29T16:37:50Z
  target_type : armor_red_4
  model_name : armor_red_4
  pose : 
       - position : [-2.12177 , 8.38721 , 3.38929]
       - orientation : [0.704329 , 0.707947 , -0.0447943 , 0.0269412]
  RingCirclePositionError : 0
  position_error : 0.562415
  orientation_error : 1.57864
  found_in_gazebo : 1

 ErrorResults 
  stamp : 2025-11-29T16:37:50Z
  target_type : armor_red_1
  model_name : armor_red_1
  pose : 
       - position : [-0.00897732 , 8.4459 , 2.35164]
       - orientation : [0.719312 , 0.693016 , 0.0424447 , -0.0227291]
  RingCirclePositionError : 0
  position_error : 0.567941
  orientation_error : 1.53597
  found_in_gazebo : 1

 ErrorResults 
  stamp : 2025-11-29T16:37:50Z
  target_type : armor_red_4
  model_name : armor_red_4
  pose : 
       - position : [-2.12177 , 8.38721 , 3.38929]
       - orientation : [0.704329 , 0.707947 , -0.0447943 , 0.0269412]
  RingCirclePositionError : 0
  position_error : 0.562415
  orientation_error : 1.57864
  found_in_gazebo : 1

 ErrorResults 
  stamp : 2025-11-29T16:37:50Z
  target_type : armor_red_1
  model_name : armor_red_1
  pose : 
       - position : [-0.0105797 , 8.41717 , 2.34546]
       - orientation : [0.701464 , 0.711712 , 0.0313159 , -0.0208301]
  RingCirclePositionError : 0
  position_error : 0.541743
  orientation_error : 1.58669
  found_in_gazebo : 1

 ErrorResults 
  stamp : 2025-11-29T16:37:50Z
  target_type : armor_red_4
  model_name : armor_red_4
  pose : 
       - position : [-2.12177 , 8.38721 , 3.38929]
       - orientation : [0.704329 , 0.707947 , -0.0447943 , 0.0269412]
  RingCirclePositionError : 0
  position_error : 0.562415
  orientation_error : 1.57864
  found_in_gazebo : 1

 ErrorResults 
  stamp : 2025-11-29T16:37:50Z
  target_type : armor_red_1
  model_name : armor_red_1
  pose : 
       - position : [-0.00954642 , 8.40399 , 2.3418]
       - orientation : [0.705168 , 0.705676 , 0.0587799 , -0.0361189]
  RingCirclePositionError : 0
  position_error : 0.529273
  orientation_error : 1.57627
  found_in_gazebo : 1

 ErrorResults 
  stamp : 2025-11-29T16:37:50Z
  target_type : armor_red_4
  model_name : armor_red_4
  pose : 
       - position : [-2.12177 , 8.38721 , 3.38929]
       - orientation : [0.704329 , 0.707947 , -0.0447943 , 0.0269412]
  RingCirclePositionError : 0
  position_error : 0.562415
  orientation_error : 1.57864
  found_in_gazebo : 1

 ErrorResults 
  stamp : 2025-11-29T16:37:50Z
  target_type : armor_red_1
  model_name : armor_red_1
  pose : 
       - position : [-0.0105797 , 8.41717 , 2.34546]
       - orientation : [0.701464 , 0.711712 , 0.0313159 , -0.0208301]
  RingCirclePositionError : 0
  position_error : 0.541743
  orientation_error : 1.58669
  found_in_gazebo : 1

 ErrorResults 
  stamp : 2025-11-29T16:37:50Z
  target_type : armor_red_4
  model_name : armor_red_4
  pose : 
       - position : [-2.12177 , 8.38721 , 3.38929]
       - orientation : [0.704329 , 0.707947 , -0.0447943 , 0.0269412]
  RingCirclePositionError : 0
  position_error : 0.562415
  orientation_error : 1.57864
  found_in_gazebo : 1

 ErrorResults 
  stamp : 2025-11-29T16:37:50Z
  target_type : armor_red_1
  model_name : armor_red_1
  pose : 
       - position : [-0.0100714 , 8.43556 , 2.34876]
       - orientation : [0.718376 , 0.695377 , 0.017358 , -0.00917919]
  RingCirclePositionError : 0
  position_error : 0.558076
  orientation_error : 1.53866
  found_in_gazebo : 1

 ErrorResults 
  stamp : 2025-11-29T16:37:50Z
  target_type : armor_red_4
  model_name : armor_red_4
  pose : 
       - position : [-2.12177 , 8.38721 , 3.38929]
       - orientation : [0.704329 , 0.707947 , -0.0447943 , 0.0269412]
  RingCirclePositionError : 0
  position_error : 0.562415
  orientation_error : 1.57864
  found_in_gazebo : 1

 ErrorResults 
  stamp : 2025-11-29T16:37:50Z
  target_type : armor_red_1
  model_name : armor_red_1
  pose : 
       - position : [-0.00738323 , 8.48945 , 2.36371]
       - orientation : [0.707416 , 0.706729 , -0.00843167 , 0.00503664]
  RingCirclePositionError : 0
  position_error : 0.609838
  orientation_error : 1.56992
  found_in_gazebo : 1

 ErrorResults 
  stamp : 2025-11-29T16:37:50Z
  target_type : armor_red_4
  model_name : armor_red_4
  pose : 
       - position : [-2.12177 , 8.38721 , 3.38929]
       - orientation : [0.704329 , 0.707947 , -0.0447943 , 0.0269412]
  RingCirclePositionError : 0
  position_error : 0.562415
  orientation_error : 1.57864
  found_in_gazebo : 1

 ErrorResults 
  stamp : 2025-11-29T16:37:51Z
  target_type : armor_red_1
  model_name : armor_red_1
  pose : 
       - position : [-0.0105797 , 8.41717 , 2.34546]
       - orientation : [0.701464 , 0.711712 , 0.0313159 , -0.0208301]
  RingCirclePositionError : 0
  position_error : 0.541743
  orientation_error : 1.58669
  found_in_gazebo : 1

 ErrorResults 
  stamp : 2025-11-29T16:37:51Z
  target_type : armor_red_4
  model_name : armor_red_4
  pose : 
       - position : [-2.12177 , 8.38721 , 3.38929]
       - orientation : [0.704329 , 0.707947 , -0.0447943 , 0.0269412]
  RingCirclePositionError : 0
  position_error : 0.562415
  orientation_error : 1.57864
  found_in_gazebo : 1

 ErrorResults 
  stamp : 2025-11-29T16:37:51Z
  target_type : armor_red_1
  model_name : armor_red_1
  pose : 
       - position : [-0.0105797 , 8.41717 , 2.34546]
       - orientation : [0.701464 , 0.711712 , 0.0313159 , -0.0208301]
  RingCirclePositionError : 0
  position_error : 0.541743
  orientation_error : 1.58669
  found_in_gazebo : 1

 ErrorResults 
  stamp : 2025-11-29T16:37:51Z
  target_type : armor_red_4
  model_name : armor_red_4
  pose : 
       - position : [-2.12177 , 8.38721 , 3.38929]
       - orientation : [0.704329 , 0.707947 , -0.0447943 , 0.0269412]
  RingCirclePositionError : 0
  position_error : 0.562415
  orientation_error : 1.57864
  found_in_gazebo : 1

 ErrorResults 
  stamp : 2025-11-29T16:37:51Z
  target_type : armor_red_1
  model_name : armor_red_1
  pose : 
       - position : [-0.00954642 , 8.40399 , 2.3418]
       - orientation : [0.705168 , 0.705676 , 0.0587799 , -0.0361189]
  RingCirclePositionError : 0
  position_error : 0.529273
  orientation_error : 1.57627
  found_in_gazebo : 1

 ErrorResults 
  stamp : 2025-11-29T16:37:51Z
  target_type : armor_red_4
  model_name : armor_red_4
  pose : 
       - position : [-2.12532 , 8.39191 , 3.39315]
       - orientation : [0.717005 , 0.696111 , -0.0317027 , 0.0180949]
  RingCirclePositionError : 0
  position_error : 0.569097
  orientation_error : 1.5426
  found_in_gazebo : 1

 ErrorResults 
  stamp : 2025-11-29T16:37:51Z
  target_type : armor_red_1
  model_name : armor_red_1
  pose : 
       - position : [-0.0105797 , 8.41717 , 2.34546]
       - orientation : [0.701464 , 0.711712 , 0.0313159 , -0.0208301]
  RingCirclePositionError : 0
  position_error : 0.541743
  orientation_error : 1.58669
  found_in_gazebo : 1

 ErrorResults 
  stamp : 2025-11-29T16:37:51Z
  target_type : armor_red_4
  model_name : armor_red_4
  pose : 
       - position : [-2.12177 , 8.38721 , 3.38929]
       - orientation : [0.704329 , 0.707947 , -0.0447943 , 0.0269412]
  RingCirclePositionError : 0
  position_error : 0.562415
  orientation_error : 1.57864
  found_in_gazebo : 1

 ErrorResults 
  stamp : 2025-11-29T16:37:51Z
  target_type : armor_red_1
  model_name : armor_red_1
  pose : 
       - position : [-0.0105797 , 8.41717 , 2.34546]
       - orientation : [0.701464 , 0.711712 , 0.0313159 , -0.0208301]
  RingCirclePositionError : 0
  position_error : 0.541743
  orientation_error : 1.58669
  found_in_gazebo : 1

 ErrorResults 
  stamp : 2025-11-29T16:37:51Z
  target_type : armor_red_4
  model_name : armor_red_4
  pose : 
       - position : [-2.12177 , 8.38721 , 3.38929]
       - orientation : [0.704329 , 0.707947 , -0.0447943 , 0.0269412]
  RingCirclePositionError : 0
  position_error : 0.562415
  orientation_error : 1.57864
  found_in_gazebo : 1

 ErrorResults 
  stamp : 2025-11-29T16:37:51Z
  target_type : armor_red_1
  model_name : armor_red_1
  pose : 
       - position : [-0.0105797 , 8.41717 , 2.34546]
       - orientation : [0.701464 , 0.711712 , 0.0313159 , -0.0208301]
  RingCirclePositionError : 0
  position_error : 0.541743
  orientation_error : 1.58669
  found_in_gazebo : 1

 ErrorResults 
  stamp : 2025-11-29T16:37:51Z
  target_type : armor_red_4
  model_name : armor_red_4
  pose : 
       - position : [-2.12177 , 8.38721 , 3.38929]
       - orientation : [0.704329 , 0.707947 , -0.0447943 , 0.0269412]
  RingCirclePositionError : 0
  position_error : 0.562415
  orientation_error : 1.57864
  found_in_gazebo : 1

 ErrorResults 
  stamp : 2025-11-29T16:37:51Z
  target_type : armor_red_1
  model_name : armor_red_1
  pose : 
       - position : [-0.0105797 , 8.41717 , 2.34546]
       - orientation : [0.701464 , 0.711712 , 0.0313159 , -0.0208301]
  RingCirclePositionError : 0
  position_error : 0.541743
  orientation_error : 1.58669
  found_in_gazebo : 1

 ErrorResults 
  stamp : 2025-11-29T16:37:51Z
  target_type : armor_red_4
  model_name : armor_red_4
  pose : 
       - position : [-2.12177 , 8.38721 , 3.38929]
       - orientation : [0.704329 , 0.707947 , -0.0447943 , 0.0269412]
  RingCirclePositionError : 0
  position_error : 0.562415
  orientation_error : 1.57864
  found_in_gazebo : 1

 ErrorResults 
  stamp : 2025-11-29T16:37:52Z
  target_type : armor_red_1
  model_name : armor_red_1
  pose : 
       - position : [-0.0105797 , 8.41717 , 2.34546]
       - orientation : [0.701464 , 0.711712 , 0.0313159 , -0.0208301]
  RingCirclePositionError : 0
  position_error : 0.541743
  orientation_error : 1.58669
  found_in_gazebo : 1

 ErrorResults 
  stamp : 2025-11-29T16:37:52Z
  target_type : armor_red_4
  model_name : armor_red_4
  pose : 
       - position : [-2.12177 , 8.38721 , 3.38929]
       - orientation : [0.704329 , 0.707947 , -0.0447943 , 0.0269412]
  RingCirclePositionError : 0
  position_error : 0.562415
  orientation_error : 1.57864
  found_in_gazebo : 1

 ErrorResults 
  stamp : 2025-11-29T16:37:52Z
  target_type : armor_red_1
  model_name : armor_red_1
  pose : 
       - position : [-0.0105797 , 8.41717 , 2.34546]
       - orientation : [0.701464 , 0.711712 , 0.0313159 , -0.0208301]
  RingCirclePositionError : 0
  position_error : 0.541743
  orientation_error : 1.58669
  found_in_gazebo : 1

 ErrorResults 
  stamp : 2025-11-29T16:37:52Z
  target_type : armor_red_4
  model_name : armor_red_4
  pose : 
       - position : [-2.12177 , 8.38721 , 3.38929]
       - orientation : [0.704329 , 0.707947 , -0.0447943 , 0.0269412]
  RingCirclePositionError : 0
  position_error : 0.562415
  orientation_error : 1.57864
  found_in_gazebo : 1

 ErrorResults 
  stamp : 2025-11-29T16:37:52Z
  target_type : armor_red_1
  model_name : armor_red_1
  pose : 
       - position : [-0.0105797 , 8.41717 , 2.34546]
       - orientation : [0.701464 , 0.711712 , 0.0313159 , -0.0208301]
  RingCirclePositionError : 0
  position_error : 0.541743
  orientation_error : 1.58669
  found_in_gazebo : 1

 ErrorResults 
  stamp : 2025-11-29T16:37:52Z
  target_type : armor_red_4
  model_name : armor_red_4
  pose : 
       - position : [-2.12177 , 8.38721 , 3.38929]
       - orientation : [0.704329 , 0.707947 , -0.0447943 , 0.0269412]
  RingCirclePositionError : 0
  position_error : 0.562415
  orientation_error : 1.57864
  found_in_gazebo : 1

 ErrorResults 
  stamp : 2025-11-29T16:37:52Z
  target_type : armor_red_1
  model_name : armor_red_1
  pose : 
       - position : [-0.0105797 , 8.41717 , 2.34546]
       - orientation : [0.701464 , 0.711712 , 0.0313159 , -0.0208301]
  RingCirclePositionError : 0
  position_error : 0.541743
  orientation_error : 1.58669
  found_in_gazebo : 1

 ErrorResults 
  stamp : 2025-11-29T16:37:52Z
  target_type : armor_red_4
  model_name : armor_red_4
  pose : 
       - position : [-2.12177 , 8.38721 , 3.38929]
       - orientation : [0.704329 , 0.707947 , -0.0447943 , 0.0269412]
  RingCirclePositionError : 0
  position_error : 0.562415
  orientation_error : 1.57864
  found_in_gazebo : 1

 ErrorResults 
  stamp : 2025-11-29T16:37:52Z
  target_type : armor_red_1
  model_name : armor_red_1
  pose : 
       - position : [3.09771 , 6.12811 , 1.03835]
       - orientation : [0.697901 , 0.716058 , -0.0136713 , 0.00291921]
  RingCirclePositionError : 0
  position_error : 3.74493
  orientation_error : 1.59667
  found_in_gazebo : 1

 ErrorResults 
  stamp : 2025-11-29T16:37:52Z
  target_type : armor_red_4
  model_name : armor_red_4
  pose : 
       - position : [-0.0105797 , 8.41717 , 2.34546]
       - orientation : [0.701464 , 0.711712 , 0.0313159 , -0.0208301]
  RingCirclePositionError : 0
  position_error : 2.13547
  orientation_error : 1.58669
  found_in_gazebo : 1

 ErrorResults 
  stamp : 2025-11-29T16:37:52Z
  target_type : armor_red_1
  model_name : armor_red_1
  pose : 
       - position : [3.09753 , 6.12776 , 1.02723]
       - orientation : [0.697906 , 0.716052 , -0.0137017 , 0.00296628]
  RingCirclePositionError : 0
  position_error : 3.74783
  orientation_error : 1.59665
  found_in_gazebo : 1

 ErrorResults 
  stamp : 2025-11-29T16:37:52Z
  target_type : armor_red_4
  model_name : armor_red_4
  pose : 
       - position : [-0.0105797 , 8.41717 , 2.34546]
       - orientation : [0.701464 , 0.711712 , 0.0313159 , -0.0208301]
  RingCirclePositionError : 0
  position_error : 2.13547
  orientation_error : 1.58669
  found_in_gazebo : 1

 ErrorResults 
  stamp : 2025-11-29T16:37:53Z
  target_type : armor_red_1
  model_name : armor_red_1
  pose : 
       - position : [-0.0112291 , 8.48555 , 2.36266]
       - orientation : [0.713608 , 0.700486 , -0.00785366 , 0.00461362]
  RingCirclePositionError : 0
  position_error : 0.606137
  orientation_error : 1.55232
  found_in_gazebo : 1

 ErrorResults 
  stamp : 2025-11-29T16:37:53Z
  target_type : armor_red_4
  model_name : armor_red_4
  pose : 
       - position : [3.06246 , 6.05754 , 1.00861]
       - orientation : [0.693596 , 0.719935 , -0.023537 , 0.00809342]
  RingCirclePositionError : 0
  position_error : 5.77644
  orientation_error : 1.60866
  found_in_gazebo : 1

 ErrorResults 
  stamp : 2025-11-29T16:37:53Z
  target_type : armor_red_1
  model_name : armor_red_1
  pose : 
       - position : [3.13051 , 6.19381 , 1.03411]
       - orientation : [0.697468 , 0.716569 , -0.00687049 , -0.00449675]
  RingCirclePositionError : 0
  position_error : 3.74104
  orientation_error : 1.59788
  found_in_gazebo : 1

 ErrorResults 
  stamp : 2025-11-29T16:37:53Z
  target_type : armor_red_4
  model_name : armor_red_4
  pose : 
       - position : [-0.0105797 , 8.41717 , 2.34546]
       - orientation : [0.701464 , 0.711712 , 0.0313159 , -0.0208301]
  RingCirclePositionError : 0
  position_error : 2.13547
  orientation_error : 1.58669
  found_in_gazebo : 1

 ErrorResults 
  stamp : 2025-11-29T16:37:53Z
  target_type : armor_red_1
  model_name : armor_red_1
  pose : 
       - position : [3.06284 , 6.05831 , 1.02514]
       - orientation : [0.693559 , 0.719972 , -0.0234851 , 0.0079839]
  RingCirclePositionError : 0
  position_error : 3.7552
  orientation_error : 1.60876
  found_in_gazebo : 1

 ErrorResults 
  stamp : 2025-11-29T16:37:53Z
  target_type : armor_red_4
  model_name : armor_red_4
  pose : 
       - position : [-0.0105797 , 8.41717 , 2.34546]
       - orientation : [0.701464 , 0.711712 , 0.0313159 , -0.0208301]
  RingCirclePositionError : 0
  position_error : 2.13547
  orientation_error : 1.58669
  found_in_gazebo : 1

 ErrorResults 
  stamp : 2025-11-29T16:37:53Z
  target_type : armor_red_1
  model_name : armor_red_1
  pose : 
       - position : [3.11024 , 6.15323 , 1.38412]
       - orientation : [0.693092 , 0.720718 , -0.0135173 , -0.00242804]
  RingCirclePositionError : 0
  position_error : 3.66926
  orientation_error : 1.61005
  found_in_gazebo : 1

 ErrorResults 
  stamp : 2025-11-29T16:37:53Z
  target_type : armor_red_4
  model_name : armor_red_4
  pose : 
       - position : [-0.0105797 , 8.41717 , 2.34546]
       - orientation : [0.701464 , 0.711712 , 0.0313159 , -0.0208301]
  RingCirclePositionError : 0
  position_error : 2.13547
  orientation_error : 1.58669
  found_in_gazebo : 1

 ErrorResults 
  stamp : 2025-11-29T16:37:53Z
  target_type : armor_red_1
  model_name : armor_red_1
  pose : 
       - position : [3.14495 , 6.22276 , 1.5191]
       - orientation : [0.693738 , 0.720137 , -0.00566678 , -0.0099387]
  RingCirclePositionError : 0
  position_error : 3.64425
  orientation_error : 1.60826
  found_in_gazebo : 1

 ErrorResults 
  stamp : 2025-11-29T16:37:53Z
  target_type : armor_red_4
  model_name : armor_red_4
  pose : 
       - position : [-0.00778558 , 8.48967 , 2.36559]
       - orientation : [0.68472 , 0.728793 , 0.00191165 , -0.00401905]
  RingCirclePositionError : 0
  position_error : 2.14736
  orientation_error : 1.63315
  found_in_gazebo : 1

 ErrorResults 
  stamp : 2025-11-29T16:37:53Z
  target_type : armor_red_1
  model_name : armor_red_1
  pose : 
       - position : [3.16971 , 6.27238 , 1.62041]
       - orientation : [0.699972 , 0.71405 , 0.00283097 , -0.0127899]
  RingCirclePositionError : 0
  position_error : 3.62985
  orientation_error : 1.59088
  found_in_gazebo : 1

 ErrorResults 
  stamp : 2025-11-29T16:37:53Z
  target_type : armor_red_4
  model_name : armor_red_4
  pose : 
       - position : [-0.00778558 , 8.48967 , 2.36559]
       - orientation : [0.68472 , 0.728793 , 0.00191165 , -0.00401905]
  RingCirclePositionError : 0
  position_error : 2.14736
  orientation_error : 1.63315
  found_in_gazebo : 1

 ErrorResults 
  stamp : 2025-11-29T16:37:54Z
  target_type : armor_red_1
  model_name : armor_red_1
  pose : 
       - position : [-0.0105797 , 8.41717 , 2.34546]
       - orientation : [0.701464 , 0.711712 , 0.0313159 , -0.0208301]
  RingCirclePositionError : 0
  position_error : 0.541743
  orientation_error : 1.58669
  found_in_gazebo : 1

 ErrorResults 
  stamp : 2025-11-29T16:37:54Z
  target_type : armor_red_4
  model_name : armor_red_4
  pose : 
       - position : [3.149 , 6.23087 , 1.77415]
       - orientation : [0.694694 , 0.719214 , -0.00435234 , -0.0105492]
  RingCirclePositionError : 0
  position_error : 5.58074
  orientation_error : 1.6056
  found_in_gazebo : 1

 ErrorResults 
  stamp : 2025-11-29T16:37:54Z
  target_type : armor_red_3
  model_name : armor_red_3
  pose : 
       - position : [-2.12177 , 8.38721 , 3.38929]
       - orientation : [0.704329 , 0.707947 , -0.0447943 , 0.0269412]
  RingCirclePositionError : 0
  position_error : 4.67332
  orientation_error : 1.57864
  found_in_gazebo : 1

 ErrorResults 
  stamp : 2025-11-29T16:37:54Z
  target_type : armor_red_3
  model_name : armor_red_3
  pose : 
       - position : [-1.58535 , 4.14055 , 2.19998]
       - orientation : [0.692656 , 0.721066 , -0.00747008 , 0.0153588]
  RingCirclePositionError : 0
  position_error : 0.338475
  orientation_error : 1.61126
  found_in_gazebo : 1

 ErrorResults 
  stamp : 2025-11-29T16:37:54Z
  target_type : armor_red_1
  model_name : armor_red_1
  pose : 
       - position : [3.14408 , 6.22101 , 1.89206]
       - orientation : [0.695216 , 0.718714 , -0.00584242 , -0.00952491]
  RingCirclePositionError : 0
  position_error : 3.6141
  orientation_error : 1.60415
  found_in_gazebo : 1

 ErrorResults 
  stamp : 2025-11-29T16:37:54Z
  target_type : armor_red_4
  model_name : armor_red_4
  pose : 
       - position : [-1.58995 , 4.14939 , 2.27381]
       - orientation : [0.678891 , 0.733738 , -0.0170172 , 0.0211107]
  RingCirclePositionError : 0
  position_error : 3.93988
  orientation_error : 1.64909
  found_in_gazebo : 1

 ErrorResults 
  stamp : 2025-11-29T16:37:54Z
  target_type : armor_red_3
  model_name : armor_red_3
  pose : 
       - position : [-2.12177 , 8.38721 , 3.38929]
       - orientation : [0.704329 , 0.707947 , -0.0447943 , 0.0269412]
  RingCirclePositionError : 0
  position_error : 4.65415
  orientation_error : 1.57864
  found_in_gazebo : 1

 ErrorResults 
  stamp : 2025-11-29T16:37:54Z
  target_type : armor_red_4
  model_name : armor_red_4
  pose : 
       - position : [-0.00778558 , 8.48967 , 2.36559]
       - orientation : [0.68472 , 0.728793 , 0.00191165 , -0.00401905]
  RingCirclePositionError : 0
  position_error : 2.14736
  orientation_error : 1.63315
  found_in_gazebo : 1

 ErrorResults 
  stamp : 2025-11-29T16:37:54Z
  target_type : armor_red_1
  model_name : armor_red_1
  pose : 
       - position : [3.18268 , 6.29841 , 2.0904]
       - orientation : [0.697765 , 0.716104 , 0.00473766 , -0.0172404]
  RingCirclePositionError : 0
  position_error : 3.61013
  orientation_error : 1.59705
  found_in_gazebo : 1

 ErrorResults 
  stamp : 2025-11-29T16:37:54Z
  target_type : armor_red_4
  model_name : armor_red_4
  pose : 
       - position : [-2.12177 , 8.38721 , 3.38929]
       - orientation : [0.704329 , 0.707947 , -0.0447943 , 0.0269412]
  RingCirclePositionError : 0
  position_error : 0.562415
  orientation_error : 1.57864
  found_in_gazebo : 1

 ErrorResults 
  stamp : 2025-11-29T16:37:54Z
  target_type : armor_red_4
  model_name : armor_red_4
  pose : 
       - position : [-0.000719707 , 6.41498 , 1.81383]
       - orientation : [0.615405 , 0.70991 , -0.263622 , 0.21865]
  RingCirclePositionError : 0
  position_error : 2.81361
  orientation_error : 1.81579
  found_in_gazebo : 1

 ErrorResults 
  stamp : 2025-11-29T16:37:54Z
  target_type : armor_red_1
  model_name : armor_red_1
  pose : 
       - position : [3.16474 , 6.26495 , 2.77765]
       - orientation : [0.705389 , 0.70871 , -0.00341811 , -0.0120554]
  RingCirclePositionError : 0
  position_error : 3.69198
  orientation_error : 1.57565
  found_in_gazebo : 1

 ErrorResults 
  stamp : 2025-11-29T16:37:54Z
  target_type : armor_red_4
  model_name : armor_red_4
  pose : 
       - position : [-2.12177 , 8.38721 , 3.38929]
       - orientation : [0.704329 , 0.707947 , -0.0447943 , 0.0269412]
  RingCirclePositionError : 0
  position_error : 0.562415
  orientation_error : 1.57864
  found_in_gazebo : 1

 ErrorResults 
  stamp : 2025-11-29T16:37:54Z
  target_type : armor_red_4
  model_name : armor_red_4
  pose : 
       - position : [0.00252852 , 4.9576 , 1.3775]
       - orientation : [0.53448 , 0.714787 , -0.360645 , 0.270824]
  RingCirclePositionError : 0
  position_error : 3.98733
  orientation_error : 2.01381
  found_in_gazebo : 1

 ErrorResults 
  stamp : 2025-11-29T16:37:54Z
  target_type : armor_red_1
  model_name : armor_red_1
  pose : 
       - position : [3.18954 , 6.31468 , 2.92082]
       - orientation : [0.708707 , 0.705299 , 0.00367228 , -0.0165373]
  RingCirclePositionError : 0
  position_error : 3.72309
  orientation_error : 1.56626
  found_in_gazebo : 1

 ErrorResults 
  stamp : 2025-11-29T16:37:54Z
  target_type : armor_red_4
  model_name : armor_red_4
  pose : 
       - position : [-2.12532 , 8.39191 , 3.39315]
       - orientation : [0.717005 , 0.696111 , -0.0317027 , 0.0180949]
  RingCirclePositionError : 0
  position_error : 0.569097
  orientation_error : 1.5426
  found_in_gazebo : 1

 ErrorResults 
  stamp : 2025-11-29T16:37:54Z
  target_type : armor_red_4
  model_name : armor_red_4
  pose : 
       - position : [0.00217076 , 5.0653 , 1.40527]
       - orientation : [0.533753 , 0.719861 , -0.355882 , 0.265059]
  RingCirclePositionError : 0
  position_error : 3.89414
  orientation_error : 2.01553
  found_in_gazebo : 1

 ErrorResults 
  stamp : 2025-11-29T16:37:54Z
  target_type : armor_red_1
  model_name : armor_red_1
  pose : 
       - position : [3.19161 , 6.31631 , 3.05405]
       - orientation : [0.699027 , 0.714796 , 0.00690177 , -0.0195329]
  RingCirclePositionError : 0
  position_error : 3.75928
  orientation_error : 1.59352
  found_in_gazebo : 1

 ErrorResults 
  stamp : 2025-11-29T16:37:54Z
  target_type : armor_red_4
  model_name : armor_red_4
  pose : 
       - position : [-2.12177 , 8.38721 , 3.38929]
       - orientation : [0.704329 , 0.707947 , -0.0447943 , 0.0269412]
  RingCirclePositionError : 0
  position_error : 0.562415
  orientation_error : 1.57864
  found_in_gazebo : 1

 ErrorResults 
  stamp : 2025-11-29T16:37:54Z
  target_type : armor_red_4
  model_name : armor_red_4
  pose : 
       - position : [0.000529323 , 5.53703 , 1.52661]
       - orientation : [0.528598 , 0.743079 , -0.333755 , 0.238802]
  RingCirclePositionError : 0
  position_error : 3.49846
  orientation_error : 2.0277
  found_in_gazebo : 1

 ErrorResults 
  stamp : 2025-11-29T16:37:55Z
  target_type : armor_red_1
  model_name : armor_red_1
  pose : 
       - position : [-0.00124408 , 6.00622 , 1.64676]
       - orientation : [0.519194 , 0.768361 , -0.309304 , 0.21069]
  RingCirclePositionError : 0
  position_error : 2.02483
  orientation_error : 2.04978
  found_in_gazebo : 1

 ErrorResults 
  stamp : 2025-11-29T16:37:55Z
  target_type : armor_red_4
  model_name : armor_red_4
  pose : 
       - position : [3.18955 , 6.30897 , 3.16576]
       - orientation : [0.690679 , 0.722984 , 0.00263418 , -0.0158232]
  RingCirclePositionError : 0
  position_error : 5.46063
  orientation_error : 1.61674
  found_in_gazebo : 1

 ErrorResults 
  stamp : 2025-11-29T16:37:55Z
  target_type : armor_red_3
  model_name : armor_red_3
  pose : 
       - position : [-2.12177 , 8.38721 , 3.38929]
       - orientation : [0.704329 , 0.707947 , -0.0447943 , 0.0269412]
  RingCirclePositionError : 0
  position_error : 4.50808
  orientation_error : 1.57864
  found_in_gazebo : 1

 ErrorResults 
  stamp : 2025-11-29T16:37:55Z
  target_type : armor_red_1
  model_name : armor_red_1
  pose : 
       - position : [0.00101935 , 6.12904 , 1.67768]
       - orientation : [0.500653 , 0.782893 , -0.302945 , 0.211303]
  RingCirclePositionError : 0
  position_error : 1.89852
  orientation_error : 2.09289
  found_in_gazebo : 1

 ErrorResults 
  stamp : 2025-11-29T16:37:55Z
  target_type : armor_red_4
  model_name : armor_red_4
  pose : 
       - position : [3.19147 , 6.31604 , 3.32754]
       - orientation : [0.700227 , 0.713629 , 0.00751148 , -0.0189534]
  RingCirclePositionError : 0
  position_error : 5.46758
  orientation_error : 1.59016
  found_in_gazebo : 1

 ErrorResults 
  stamp : 2025-11-29T16:37:55Z
  target_type : armor_red_3
  model_name : armor_red_3
  pose : 
       - position : [-2.12177 , 8.38721 , 3.38929]
       - orientation : [0.704329 , 0.707947 , -0.0447943 , 0.0269412]
  RingCirclePositionError : 0
  position_error : 4.43122
  orientation_error : 1.57864
  found_in_gazebo : 1

 ErrorResults 
  stamp : 2025-11-29T16:37:55Z
  target_type : armor_red_1
  model_name : armor_red_1
  pose : 
       - position : [3.21468 , 6.35935 , 3.46799]
       - orientation : [0.695462 , 0.718208 , 0.0109158 , -0.0197736]
  RingCirclePositionError : 0
  position_error : 3.89626
  orientation_error : 1.60347
  found_in_gazebo : 1

 ErrorResults 
  stamp : 2025-11-29T16:37:55Z
  target_type : armor_red_4
  model_name : armor_red_4
  pose : 
       - position : [0.000827271 , 6.19457 , 1.69417]
       - orientation : [0.502521 , 0.784153 , -0.298213 , 0.208917]
  RingCirclePositionError : 0
  position_error : 2.99468
  orientation_error : 2.08857
  found_in_gazebo : 1

 ErrorResults 
  stamp : 2025-11-29T16:37:55Z
  target_type : armor_red_3
  model_name : armor_red_3
  pose : 
       - position : [-2.12177 , 8.38721 , 3.38929]
       - orientation : [0.704329 , 0.707947 , -0.0447943 , 0.0269412]
  RingCirclePositionError : 0
  position_error : 4.48461
  orientation_error : 1.57864
  found_in_gazebo : 1

 ErrorResults 
  stamp : 2025-11-29T16:37:55Z
  target_type : armor_red_1
  model_name : armor_red_1
  pose : 
       - position : [3.16183 , 6.26799 , 3.5103]
       - orientation : [0.727801 , 0.685566 , -0.00129134 , -0.0174142]
  RingCirclePositionError : 0
  position_error : 3.90871
  orientation_error : 1.51137
  found_in_gazebo : 1

 ErrorResults 
  stamp : 2025-11-29T16:37:55Z
  target_type : armor_red_4
  model_name : armor_red_4
  pose : 
       - position : [0.00101935 , 6.12904 , 1.67768]
       - orientation : [0.500653 , 0.782893 , -0.302945 , 0.211303]
  RingCirclePositionError : 0
  position_error : 3.04189
  orientation_error : 2.09289
  found_in_gazebo : 1

 ErrorResults 
  stamp : 2025-11-29T16:37:55Z
  target_type : armor_red_3
  model_name : armor_red_3
  pose : 
       - position : [-2.12177 , 8.38721 , 3.38929]
       - orientation : [0.704329 , 0.707947 , -0.0447943 , 0.0269412]
  RingCirclePositionError : 0
  position_error : 4.47728
  orientation_error : 1.57864
  found_in_gazebo : 1

 ErrorResults 
  stamp : 2025-11-29T16:37:55Z
  target_type : armor_red_1
  model_name : armor_red_1
  pose : 
       - position : [-0.0105797 , 8.41717 , 2.34546]
       - orientation : [0.701464 , 0.711712 , 0.0313159 , -0.0208301]
  RingCirclePositionError : 0
  position_error : 0.541743
  orientation_error : 1.58669
  found_in_gazebo : 1

 ErrorResults 
  stamp : 2025-11-29T16:37:55Z
  target_type : armor_red_4
  model_name : armor_red_4
  pose : 
       - position : [-2.12532 , 8.39191 , 3.39315]
       - orientation : [0.717005 , 0.696111 , -0.0317027 , 0.0180949]
  RingCirclePositionError : 0
  position_error : 0.569097
  orientation_error : 1.5426
  found_in_gazebo : 1

 ErrorResults 
  stamp : 2025-11-29T16:37:55Z
  target_type : armor_red_1
  model_name : armor_red_1
  pose : 
       - position : [-0.00778558 , 8.48967 , 2.36559]
       - orientation : [0.68472 , 0.728793 , 0.00191165 , -0.00401905]
  RingCirclePositionError : 0
  position_error : 0.611142
  orientation_error : 1.63315
  found_in_gazebo : 1

 ErrorResults 
  stamp : 2025-11-29T16:37:55Z
  target_type : armor_red_4
  model_name : armor_red_4
  pose : 
       - position : [-2.12177 , 8.38721 , 3.38929]
       - orientation : [0.704329 , 0.707947 , -0.0447943 , 0.0269412]
  RingCirclePositionError : 0
  position_error : 0.562415
  orientation_error : 1.57864
  found_in_gazebo : 1

 ErrorResults 
  stamp : 2025-11-29T16:37:55Z
  target_type : armor_red_1
  model_name : armor_red_1
  pose : 
       - position : [-0.0105797 , 8.41717 , 2.34546]
       - orientation : [0.701464 , 0.711712 , 0.0313159 , -0.0208301]
  RingCirclePositionError : 0
  position_error : 0.541743
  orientation_error : 1.58669
  found_in_gazebo : 1

 ErrorResults 
  stamp : 2025-11-29T16:37:55Z
  target_type : armor_red_4
  model_name : armor_red_4
  pose : 
       - position : [-2.12177 , 8.38721 , 3.38929]
       - orientation : [0.704329 , 0.707947 , -0.0447943 , 0.0269412]
  RingCirclePositionError : 0
  position_error : 0.562415
  orientation_error : 1.57864
  found_in_gazebo : 1

 ErrorResults 
  stamp : 2025-11-29T16:37:56Z
  target_type : armor_red_1
  model_name : armor_red_1
  pose : 
       - position : [-0.0105797 , 8.41717 , 2.34546]
       - orientation : [0.701464 , 0.711712 , 0.0313159 , -0.0208301]
  RingCirclePositionError : 0
  position_error : 0.541743
  orientation_error : 1.58669
  found_in_gazebo : 1

 ErrorResults 
  stamp : 2025-11-29T16:37:56Z
  target_type : armor_red_4
  model_name : armor_red_4
  pose : 
       - position : [-2.12177 , 8.38721 , 3.38929]
       - orientation : [0.704329 , 0.707947 , -0.0447943 , 0.0269412]
  RingCirclePositionError : 0
  position_error : 0.562415
  orientation_error : 1.57864
  found_in_gazebo : 1

 ErrorResults 
  stamp : 2025-11-29T16:37:56Z
  target_type : armor_red_1
  model_name : armor_red_1
  pose : 
       - position : [-0.0105797 , 8.41717 , 2.34546]
       - orientation : [0.701464 , 0.711712 , 0.0313159 , -0.0208301]
  RingCirclePositionError : 0
  position_error : 0.541743
  orientation_error : 1.58669
  found_in_gazebo : 1

 ErrorResults 
  stamp : 2025-11-29T16:37:56Z
  target_type : armor_red_4
  model_name : armor_red_4
  pose : 
       - position : [-2.12177 , 8.38721 , 3.38929]
       - orientation : [0.704329 , 0.707947 , -0.0447943 , 0.0269412]
  RingCirclePositionError : 0
  position_error : 0.562415
  orientation_error : 1.57864
  found_in_gazebo : 1

 ErrorResults 
  stamp : 2025-11-29T16:37:56Z
  target_type : armor_red_1
  model_name : armor_red_1
  pose : 
       - position : [-0.0105797 , 8.41717 , 2.34546]
       - orientation : [0.701464 , 0.711712 , 0.0313159 , -0.0208301]
  RingCirclePositionError : 0
  position_error : 0.541743
  orientation_error : 1.58669
  found_in_gazebo : 1

 ErrorResults 
  stamp : 2025-11-29T16:37:56Z
  target_type : armor_red_4
  model_name : armor_red_4
  pose : 
       - position : [-2.12177 , 8.38721 , 3.38929]
       - orientation : [0.704329 , 0.707947 , -0.0447943 , 0.0269412]
  RingCirclePositionError : 0
  position_error : 0.562415
  orientation_error : 1.57864
  found_in_gazebo : 1

 ErrorResults 
  stamp : 2025-11-29T16:37:56Z
  target_type : armor_red_1
  model_name : armor_red_1
  pose : 
       - position : [-0.0100714 , 8.43556 , 2.34876]
       - orientation : [0.718376 , 0.695377 , 0.017358 , -0.00917919]
  RingCirclePositionError : 0
  position_error : 0.558076
  orientation_error : 1.53866
  found_in_gazebo : 1

 ErrorResults 
  stamp : 2025-11-29T16:37:56Z
  target_type : armor_red_4
  model_name : armor_red_4
  pose : 
       - position : [-2.12177 , 8.38721 , 3.38929]
       - orientation : [0.704329 , 0.707947 , -0.0447943 , 0.0269412]
  RingCirclePositionError : 0
  position_error : 0.562415
  orientation_error : 1.57864
  found_in_gazebo : 1

 ErrorResults 
  stamp : 2025-11-29T16:37:56Z
  target_type : armor_red_1
  model_name : armor_red_1
  pose : 
       - position : [-0.0105797 , 8.41717 , 2.34546]
       - orientation : [0.701464 , 0.711712 , 0.0313159 , -0.0208301]
  RingCirclePositionError : 0
  position_error : 0.541743
  orientation_error : 1.58669
  found_in_gazebo : 1

 ErrorResults 
  stamp : 2025-11-29T16:37:56Z
  target_type : armor_red_4
  model_name : armor_red_4
  pose : 
       - position : [-2.12177 , 8.38721 , 3.38929]
       - orientation : [0.704329 , 0.707947 , -0.0447943 , 0.0269412]
  RingCirclePositionError : 0
  position_error : 0.562415
  orientation_error : 1.57864
  found_in_gazebo : 1

 ErrorResults 
  stamp : 2025-11-29T16:37:56Z
  target_type : armor_red_1
  model_name : armor_red_1
  pose : 
       - position : [-0.0105797 , 8.41717 , 2.34546]
       - orientation : [0.701464 , 0.711712 , 0.0313159 , -0.0208301]
  RingCirclePositionError : 0
  position_error : 0.541743
  orientation_error : 1.58669
  found_in_gazebo : 1

 ErrorResults 
  stamp : 2025-11-29T16:37:56Z
  target_type : armor_red_4
  model_name : armor_red_4
  pose : 
       - position : [-2.12177 , 8.38721 , 3.38929]
       - orientation : [0.704329 , 0.707947 , -0.0447943 , 0.0269412]
  RingCirclePositionError : 0
  position_error : 0.562415
  orientation_error : 1.57864
  found_in_gazebo : 1

 ErrorResults 
  stamp : 2025-11-29T16:37:57Z
  target_type : armor_red_1
  model_name : armor_red_1
  pose : 
       - position : [-0.0100714 , 8.43556 , 2.34876]
       - orientation : [0.718376 , 0.695377 , 0.017358 , -0.00917919]
  RingCirclePositionError : 0
  position_error : 0.558076
  orientation_error : 1.53866
  found_in_gazebo : 1

 ErrorResults 
  stamp : 2025-11-29T16:37:57Z
  target_type : armor_red_4
  model_name : armor_red_4
  pose : 
       - position : [-2.12177 , 8.38721 , 3.38929]
       - orientation : [0.704329 , 0.707947 , -0.0447943 , 0.0269412]
  RingCirclePositionError : 0
  position_error : 0.562415
  orientation_error : 1.57864
  found_in_gazebo : 1

 ErrorResults 
  stamp : 2025-11-29T16:37:57Z
  target_type : armor_red_1
  model_name : armor_red_1
  pose : 
       - position : [-0.0105797 , 8.41717 , 2.34546]
       - orientation : [0.701464 , 0.711712 , 0.0313159 , -0.0208301]
  RingCirclePositionError : 0
  position_error : 0.541743
  orientation_error : 1.58669
  found_in_gazebo : 1

 ErrorResults 
  stamp : 2025-11-29T16:37:57Z
  target_type : armor_red_4
  model_name : armor_red_4
  pose : 
       - position : [-2.12177 , 8.38721 , 3.38929]
       - orientation : [0.704329 , 0.707947 , -0.0447943 , 0.0269412]
  RingCirclePositionError : 0
  position_error : 0.562415
  orientation_error : 1.57864
  found_in_gazebo : 1

 ErrorResults 
  stamp : 2025-11-29T16:37:57Z
  target_type : armor_red_1
  model_name : armor_red_1
  pose : 
       - position : [3.21469 , 6.35938 , 3.47948]
       - orientation : [0.695523 , 0.718149 , 0.0109538 , -0.0197484]
  RingCirclePositionError : 0
  position_error : 3.90061
  orientation_error : 1.6033
  found_in_gazebo : 1

 ErrorResults 
  stamp : 2025-11-29T16:37:57Z
  target_type : armor_red_4
  model_name : armor_red_4
  pose : 
       - position : [-0.0105797 , 8.41717 , 2.34546]
       - orientation : [0.701464 , 0.711712 , 0.0313159 , -0.0208301]
  RingCirclePositionError : 0
  position_error : 2.13547
  orientation_error : 1.58669
  found_in_gazebo : 1

 ErrorResults 
  stamp : 2025-11-29T16:37:57Z
  target_type : armor_red_3
  model_name : armor_red_3
  pose : 
       - position : [-2.12177 , 8.38721 , 3.38929]
       - orientation : [0.704329 , 0.707947 , -0.0447943 , 0.0269412]
  RingCirclePositionError : 0
  position_error : 4.55587
  orientation_error : 1.57864
  found_in_gazebo : 1

 ErrorResults 
  stamp : 2025-11-29T16:37:57Z
  target_type : armor_red_1
  model_name : armor_red_1
  pose : 
       - position : [-0.0100714 , 8.43556 , 2.34876]
       - orientation : [0.718376 , 0.695377 , 0.017358 , -0.00917919]
  RingCirclePositionError : 0
  position_error : 0.558076
  orientation_error : 1.53866
  found_in_gazebo : 1

 ErrorResults 
  stamp : 2025-11-29T16:37:57Z
  target_type : armor_red_4
  model_name : armor_red_4
  pose : 
       - position : [3.22983 , 6.38647 , 2.75072]
       - orientation : [0.687909 , 0.72545 , 0.0120182 , -0.0189504]
  RingCirclePositionError : 0
  position_error : 5.47875
  orientation_error : 1.62438
  found_in_gazebo : 1

 ErrorResults 
  stamp : 2025-11-29T16:37:57Z
  target_type : armor_red_3
  model_name : armor_red_3
  pose : 
       - position : [-2.12177 , 8.38721 , 3.38929]
       - orientation : [0.704329 , 0.707947 , -0.0447943 , 0.0269412]
  RingCirclePositionError : 0
  position_error : 4.56804
  orientation_error : 1.57864
  found_in_gazebo : 1

 ErrorResults 
  stamp : 2025-11-29T16:37:57Z
  target_type : armor_red_1
  model_name : armor_red_1
  pose : 
       - position : [-0.0105797 , 8.41717 , 2.34546]
       - orientation : [0.701464 , 0.711712 , 0.0313159 , -0.0208301]
  RingCirclePositionError : 0
  position_error : 0.541743
  orientation_error : 1.58669
  found_in_gazebo : 1

 ErrorResults 
  stamp : 2025-11-29T16:37:57Z
  target_type : armor_red_4
  model_name : armor_red_4
  pose : 
       - position : [3.18891 , 6.31021 , 2.59835]
       - orientation : [0.698774 , 0.715214 , -0.000479964 , -0.0135685]
  RingCirclePositionError : 0
  position_error : 5.47188
  orientation_error : 1.59423
  found_in_gazebo : 1

 ErrorResults 
  stamp : 2025-11-29T16:37:57Z
  target_type : armor_red_3
  model_name : armor_red_3
  pose : 
       - position : [-2.12177 , 8.38721 , 3.38929]
       - orientation : [0.704329 , 0.707947 , -0.0447943 , 0.0269412]
  RingCirclePositionError : 0
  position_error : 4.44734
  orientation_error : 1.57864
  found_in_gazebo : 1

 ErrorResults 
  stamp : 2025-11-29T16:37:57Z
  target_type : armor_red_1
  model_name : armor_red_1
  pose : 
       - position : [-0.0105797 , 8.41717 , 2.34546]
       - orientation : [0.701464 , 0.711712 , 0.0313159 , -0.0208301]
  RingCirclePositionError : 0
  position_error : 0.541743
  orientation_error : 1.58669
  found_in_gazebo : 1

 ErrorResults 
  stamp : 2025-11-29T16:37:57Z
  target_type : armor_red_4
  model_name : armor_red_4
  pose : 
       - position : [3.16202 , 6.25699 , 2.45922]
       - orientation : [0.69341 , 0.720386 , -0.00266511 , -0.0148488]
  RingCirclePositionError : 0
  position_error : 5.47513
  orientation_error : 1.60917
  found_in_gazebo : 1

 ErrorResults 
  stamp : 2025-11-29T16:37:57Z
  target_type : armor_red_3
  model_name : armor_red_3
  pose : 
       - position : [-2.12177 , 8.38721 , 3.38929]
       - orientation : [0.704329 , 0.707947 , -0.0447943 , 0.0269412]
  RingCirclePositionError : 0
  position_error : 4.56768
  orientation_error : 1.57864
  found_in_gazebo : 1

 ErrorResults 
  stamp : 2025-11-29T16:37:58Z
  target_type : armor_red_1
  model_name : armor_red_1
  pose : 
       - position : [-0.0100714 , 8.43556 , 2.34876]
       - orientation : [0.718376 , 0.695377 , 0.017358 , -0.00917919]
  RingCirclePositionError : 0
  position_error : 0.558076
  orientation_error : 1.53866
  found_in_gazebo : 1

 ErrorResults 
  stamp : 2025-11-29T16:37:58Z
  target_type : armor_red_4
  model_name : armor_red_4
  pose : 
       - position : [3.18395 , 6.30095 , 2.38128]
       - orientation : [0.699296 , 0.714608 , 0.00575988 , -0.0169392]
  RingCirclePositionError : 0
  position_error : 5.49026
  orientation_error : 1.59277
  found_in_gazebo : 1

 ErrorResults 
  stamp : 2025-11-29T16:37:58Z
  target_type : armor_red_3
  model_name : armor_red_3
  pose : 
       - position : [-2.12177 , 8.38721 , 3.38929]
       - orientation : [0.704329 , 0.707947 , -0.0447943 , 0.0269412]
  RingCirclePositionError : 0
  position_error : 4.56695
  orientation_error : 1.57864
  found_in_gazebo : 1

 ErrorResults 
  stamp : 2025-11-29T16:37:58Z
  target_type : armor_red_1
  model_name : armor_red_1
  pose : 
       - position : [-0.0105797 , 8.41717 , 2.34546]
       - orientation : [0.701464 , 0.711712 , 0.0313159 , -0.0208301]
  RingCirclePositionError : 0
  position_error : 0.541743
  orientation_error : 1.58669
  found_in_gazebo : 1

 ErrorResults 
  stamp : 2025-11-29T16:37:58Z
  target_type : armor_red_4
  model_name : armor_red_4
  pose : 
       - position : [3.13377 , 6.20285 , 2.18329]
       - orientation : [0.701872 , 0.712177 , -0.0118236 , -0.0063849]
  RingCirclePositionError : 0
  position_error : 5.50021
  orientation_error : 1.58555
  found_in_gazebo : 1

 ErrorResults 
  stamp : 2025-11-29T16:37:58Z
  target_type : armor_red_3
  model_name : armor_red_3
  pose : 
       - position : [-2.12177 , 8.38721 , 3.38929]
       - orientation : [0.704329 , 0.707947 , -0.0447943 , 0.0269412]
  RingCirclePositionError : 0
  position_error : 4.44607
  orientation_error : 1.57864
  found_in_gazebo : 1

 ErrorResults 
  stamp : 2025-11-29T16:37:58Z
  target_type : armor_red_1
  model_name : armor_red_1
  pose : 
       - position : [-0.0100714 , 8.43556 , 2.34876]
       - orientation : [0.718376 , 0.695377 , 0.017358 , -0.00917919]
  RingCirclePositionError : 0
  position_error : 0.558076
  orientation_error : 1.53866
  found_in_gazebo : 1

 ErrorResults 
  stamp : 2025-11-29T16:37:58Z
  target_type : armor_red_4
  model_name : armor_red_4
  pose : 
       - position : [3.18709 , 6.30087 , 2.10392]
       - orientation : [0.681102 , 0.732092 , -0.00146692 , -0.0118132]
  RingCirclePositionError : 0
  position_error : 5.53136
  orientation_error : 1.64306
  found_in_gazebo : 1

 ErrorResults 
  stamp : 2025-11-29T16:37:58Z
  target_type : armor_red_3
  model_name : armor_red_3
  pose : 
       - position : [-2.12177 , 8.38721 , 3.38929]
       - orientation : [0.704329 , 0.707947 , -0.0447943 , 0.0269412]
  RingCirclePositionError : 0
  position_error : 4.56283
  orientation_error : 1.57864
  found_in_gazebo : 1

 ErrorResults 
  stamp : 2025-11-29T16:37:58Z
  target_type : armor_red_1
  model_name : armor_red_1
  pose : 
       - position : [3.10835 , 6.14943 , 1.29446]
       - orientation : [0.693009 , 0.720792 , -0.0139419 , -0.00200885]
  RingCirclePositionError : 0
  position_error : 3.68567
  orientation_error : 1.61028
  found_in_gazebo : 1

 ErrorResults 
  stamp : 2025-11-29T16:37:58Z
  target_type : armor_red_4
  model_name : armor_red_4
  pose : 
       - position : [-0.0105797 , 8.41717 , 2.34546]
       - orientation : [0.701464 , 0.711712 , 0.0313159 , -0.0208301]
  RingCirclePositionError : 0
  position_error : 2.13547
  orientation_error : 1.58669
  found_in_gazebo : 1

 ErrorResults 
  stamp : 2025-11-29T16:37:58Z
  target_type : armor_red_3
  model_name : armor_red_3
  pose : 
       - position : [-2.12177 , 8.38721 , 3.38929]
       - orientation : [0.704329 , 0.707947 , -0.0447943 , 0.0269412]
  RingCirclePositionError : 0
  position_error : 4.53091
  orientation_error : 1.57864
  found_in_gazebo : 1

 ErrorResults 
  stamp : 2025-11-29T16:37:58Z
  target_type : armor_red_1
  model_name : armor_red_1
  pose : 
       - position : [3.13343 , 6.19967 , 1.24212]
       - orientation : [0.697945 , 0.716108 , -0.00609219 , -0.00507698]
  RingCirclePositionError : 0
  position_error : 3.69242
  orientation_error : 1.59655
  found_in_gazebo : 1

 ErrorResults 
  stamp : 2025-11-29T16:37:58Z
  target_type : armor_red_4
  model_name : armor_red_4
  pose : 
       - position : [-0.0105797 , 8.41717 , 2.34546]
       - orientation : [0.701464 , 0.711712 , 0.0313159 , -0.0208301]
  RingCirclePositionError : 0
  position_error : 2.13547
  orientation_error : 1.58669
  found_in_gazebo : 1

 ErrorResults 
  stamp : 2025-11-29T16:37:58Z
  target_type : armor_red_3
  model_name : armor_red_3
  pose : 
       - position : [-2.12177 , 8.38721 , 3.38929]
       - orientation : [0.704329 , 0.707947 , -0.0447943 , 0.0269412]
  RingCirclePositionError : 0
  position_error : 4.43487
  orientation_error : 1.57864
  found_in_gazebo : 1

 ErrorResults 
  stamp : 2025-11-29T16:37:58Z
  target_type : armor_red_1
  model_name : armor_red_1
  pose : 
       - position : [3.10583 , 6.14439 , 1.17695]
       - orientation : [0.692927 , 0.720861 , -0.0144875 , -0.00143635]
  RingCirclePositionError : 0
  position_error : 3.71037
  orientation_error : 1.61051
  found_in_gazebo : 1

 ErrorResults 
  stamp : 2025-11-29T16:37:58Z
  target_type : armor_red_4
  model_name : armor_red_4
  pose : 
       - position : [-0.00954642 , 8.40399 , 2.3418]
       - orientation : [0.705168 , 0.705676 , 0.0587799 , -0.0361189]
  RingCirclePositionError : 0
  position_error : 2.13503
  orientation_error : 1.57627
  found_in_gazebo : 1

 ErrorResults 
  stamp : 2025-11-29T16:37:58Z
  target_type : armor_red_3
  model_name : armor_red_3
  pose : 
       - position : [-2.12177 , 8.38721 , 3.38929]
       - orientation : [0.704329 , 0.707947 , -0.0447943 , 0.0269412]
  RingCirclePositionError : 0
  position_error : 4.43396
  orientation_error : 1.57864
  found_in_gazebo : 1

 ErrorResults 
  stamp : 2025-11-29T16:37:59Z
  target_type : armor_red_1
  model_name : armor_red_1
  pose : 
       - position : [3.0985 , 6.1297 , 1.08841]
       - orientation : [0.697883 , 0.716078 , -0.013532 , 0.00270849]
  RingCirclePositionError : 0
  position_error : 3.73225
  orientation_error : 1.59672
  found_in_gazebo : 1

 ErrorResults 
  stamp : 2025-11-29T16:37:59Z
  target_type : armor_red_4
  model_name : armor_red_4
  pose : 
       - position : [-0.0100714 , 8.43556 , 2.34876]
       - orientation : [0.718376 , 0.695377 , 0.017358 , -0.00917919]
  RingCirclePositionError : 0
  position_error : 2.13861
  orientation_error : 1.53866
  found_in_gazebo : 1

 ErrorResults 
  stamp : 2025-11-29T16:37:59Z
  target_type : armor_red_3
  model_name : armor_red_3
  pose : 
       - position : [-2.12177 , 8.38721 , 3.38929]
       - orientation : [0.704329 , 0.707947 , -0.0447943 , 0.0269412]
  RingCirclePositionError : 0
  position_error : 4.5108
  orientation_error : 1.57864
  found_in_gazebo : 1

 ErrorResults 
  stamp : 2025-11-29T16:37:59Z
  target_type : armor_red_1
  model_name : armor_red_1
  pose : 
       - position : [3.0631 , 6.05882 , 1.03616]
       - orientation : [0.693536 , 0.719997 , -0.0234501 , 0.00791094]
  RingCirclePositionError : 0
  position_error : 3.7523
  orientation_error : 1.60882
  found_in_gazebo : 1

 ErrorResults 
  stamp : 2025-11-29T16:37:59Z
  target_type : armor_red_4
  model_name : armor_red_4
  pose : 
       - position : [-0.0105797 , 8.41717 , 2.34546]
       - orientation : [0.701464 , 0.711712 , 0.0313159 , -0.0208301]
  RingCirclePositionError : 0
  position_error : 2.13547
  orientation_error : 1.58669
  found_in_gazebo : 1

 ErrorResults 
  stamp : 2025-11-29T16:37:59Z
  target_type : armor_red_3
  model_name : armor_red_3
  pose : 
       - position : [-2.12177 , 8.38721 , 3.38929]
       - orientation : [0.704329 , 0.707947 , -0.0447943 , 0.0269412]
  RingCirclePositionError : 0
  position_error : 4.43161
  orientation_error : 1.57864
  found_in_gazebo : 1

 ErrorResults 
  stamp : 2025-11-29T16:37:59Z
  target_type : armor_red_1
  model_name : armor_red_1
  pose : 
       - position : [3.10735 , 6.14436 , 1.00224]
       - orientation : [0.690371 , 0.723299 , -0.0145405 , 0.00388782]
  RingCirclePositionError : 0
  position_error : 3.75427
  orientation_error : 1.61759
  found_in_gazebo : 1

 ErrorResults 
  stamp : 2025-11-29T16:37:59Z
  target_type : armor_red_4
  model_name : armor_red_4
  pose : 
       - position : [-0.0105797 , 8.41717 , 2.34546]
       - orientation : [0.701464 , 0.711712 , 0.0313159 , -0.0208301]
  RingCirclePositionError : 0
  position_error : 2.13547
  orientation_error : 1.58669
  found_in_gazebo : 1

 ErrorResults 
  stamp : 2025-11-29T16:37:59Z
  target_type : armor_red_3
  model_name : armor_red_3
  pose : 
       - position : [-2.12177 , 8.38721 , 3.38929]
       - orientation : [0.704329 , 0.707947 , -0.0447943 , 0.0269412]
  RingCirclePositionError : 0
  position_error : 4.43108
  orientation_error : 1.57864
  found_in_gazebo : 1

 ErrorResults 
  stamp : 2025-11-29T16:37:59Z
  target_type : armor_red_1
  model_name : armor_red_1
  pose : 
       - position : [3.1028 , 6.13832 , 1.03729]
       - orientation : [0.692873 , 0.720901 , -0.0151137 , -0.000725472]
  RingCirclePositionError : 0
  position_error : 3.74433
  orientation_error : 1.61066
  found_in_gazebo : 1

 ErrorResults 
  stamp : 2025-11-29T16:37:59Z
  target_type : armor_red_4
  model_name : armor_red_4
  pose : 
       - position : [-0.0105797 , 8.41717 , 2.34546]
       - orientation : [0.701464 , 0.711712 , 0.0313159 , -0.0208301]
  RingCirclePositionError : 0
  position_error : 2.13547
  orientation_error : 1.58669
  found_in_gazebo : 1

 ErrorResults 
  stamp : 2025-11-29T16:37:59Z
  target_type : armor_red_3
  model_name : armor_red_3
  pose : 
       - position : [-2.12177 , 8.38721 , 3.38929]
       - orientation : [0.704329 , 0.707947 , -0.0447943 , 0.0269412]
  RingCirclePositionError : 0
  position_error : 4.45835
  orientation_error : 1.57864
  found_in_gazebo : 1

 ErrorResults 
  stamp : 2025-11-29T16:37:59Z
  target_type : armor_red_1
  model_name : armor_red_1
  pose : 
       - position : [3.13172 , 6.19623 , 1.1184]
       - orientation : [0.697656 , 0.716387 , -0.00655519 , -0.00474097]
  RingCirclePositionError : 0
  position_error : 3.72001
  orientation_error : 1.59735
  found_in_gazebo : 1

 ErrorResults 
  stamp : 2025-11-29T16:37:59Z
  target_type : armor_red_4
  model_name : armor_red_4
  pose : 
       - position : [-0.0105797 , 8.41717 , 2.34546]
       - orientation : [0.701464 , 0.711712 , 0.0313159 , -0.0208301]
  RingCirclePositionError : 0
  position_error : 2.13547
  orientation_error : 1.58669
  found_in_gazebo : 1

 ErrorResults 
  stamp : 2025-11-29T16:37:59Z
  target_type : armor_red_3
  model_name : armor_red_3
  pose : 
       - position : [-2.12177 , 8.38721 , 3.38929]
       - orientation : [0.704329 , 0.707947 , -0.0447943 , 0.0269412]
  RingCirclePositionError : 0
  position_error : 4.45004
  orientation_error : 1.57864
  found_in_gazebo : 1

 ErrorResults 
  stamp : 2025-11-29T16:38:00Z
  target_type : armor_red_1
  model_name : armor_red_1
  pose : 
       - position : [3.10619 , 6.14511 , 1.19372]
       - orientation : [0.692937 , 0.720853 , -0.0144105 , -0.0015196]
  RingCirclePositionError : 0
  position_error : 3.70663
  orientation_error : 1.61048
  found_in_gazebo : 1

 ErrorResults 
  stamp : 2025-11-29T16:38:00Z
  target_type : armor_red_4
  model_name : armor_red_4
  pose : 
       - position : [-0.0100714 , 8.43556 , 2.34876]
       - orientation : [0.718376 , 0.695377 , 0.017358 , -0.00917919]
  RingCirclePositionError : 0
  position_error : 2.13861
  orientation_error : 1.53866
  found_in_gazebo : 1

 ErrorResults 
  stamp : 2025-11-29T16:38:00Z
  target_type : armor_red_3
  model_name : armor_red_3
  pose : 
       - position : [-2.12177 , 8.38721 , 3.38929]
       - orientation : [0.704329 , 0.707947 , -0.0447943 , 0.0269412]
  RingCirclePositionError : 0
  position_error : 4.44389
  orientation_error : 1.57864
  found_in_gazebo : 1

 ErrorResults 
  stamp : 2025-11-29T16:38:00Z
  target_type : armor_red_1
  model_name : armor_red_1
  pose : 
       - position : [3.10859 , 6.153 , 1.25911]
       - orientation : [0.692013 , 0.721844 , -0.0074956 , -0.00162715]
  RingCirclePositionError : 0
  position_error : 3.69103
  orientation_error : 1.61305
  found_in_gazebo : 1

 ErrorResults 
  stamp : 2025-11-29T16:38:00Z
  target_type : armor_red_4
  model_name : armor_red_4
  pose : 
       - position : [-0.0105797 , 8.41717 , 2.34546]
       - orientation : [0.701464 , 0.711712 , 0.0313159 , -0.0208301]
  RingCirclePositionError : 0
  position_error : 2.13547
  orientation_error : 1.58669
  found_in_gazebo : 1

 ErrorResults 
  stamp : 2025-11-29T16:38:00Z
  target_type : armor_red_3
  model_name : armor_red_3
  pose : 
       - position : [-2.12177 , 8.38721 , 3.38929]
       - orientation : [0.704329 , 0.707947 , -0.0447943 , 0.0269412]
  RingCirclePositionError : 0
  position_error : 4.44011
  orientation_error : 1.57864
  found_in_gazebo : 1

 ErrorResults 
  stamp : 2025-11-29T16:38:00Z
  target_type : armor_red_1
  model_name : armor_red_1
  pose : 
       - position : [3.13536 , 6.20354 , 1.38846]
       - orientation : [0.698303 , 0.71576 , -0.00554897 , -0.00543859]
  RingCirclePositionError : 0
  position_error : 3.66493
  orientation_error : 1.59555
  found_in_gazebo : 1

 ErrorResults 
  stamp : 2025-11-29T16:38:00Z
  target_type : armor_red_4
  model_name : armor_red_4
  pose : 
       - position : [-0.0105797 , 8.41717 , 2.34546]
       - orientation : [0.701464 , 0.711712 , 0.0313159 , -0.0208301]
  RingCirclePositionError : 0
  position_error : 2.13547
  orientation_error : 1.58669
  found_in_gazebo : 1

 ErrorResults 
  stamp : 2025-11-29T16:38:00Z
  target_type : armor_red_3
  model_name : armor_red_3
  pose : 
       - position : [-2.12177 , 8.38721 , 3.38929]
       - orientation : [0.704329 , 0.707947 , -0.0447943 , 0.0269412]
  RingCirclePositionError : 0
  position_error : 4.46415
  orientation_error : 1.57864
  found_in_gazebo : 1

 ErrorResults 
  stamp : 2025-11-29T16:38:00Z
  target_type : armor_red_1
  model_name : armor_red_1
  pose : 
       - position : [-0.0100714 , 8.43556 , 2.34876]
       - orientation : [0.718376 , 0.695377 , 0.017358 , -0.00917919]
  RingCirclePositionError : 0
  position_error : 0.558076
  orientation_error : 1.53866
  found_in_gazebo : 1

 ErrorResults 
  stamp : 2025-11-29T16:38:00Z
  target_type : armor_red_4
  model_name : armor_red_4
  pose : 
       - position : [3.18258 , 6.2982 , 2.07327]
       - orientation : [0.697669 , 0.716197 , 0.00466924 , -0.0172524]
  RingCirclePositionError : 0
  position_error : 5.533
  orientation_error : 1.59732
  found_in_gazebo : 1

 ErrorResults 
  stamp : 2025-11-29T16:38:00Z
  target_type : armor_red_3
  model_name : armor_red_3
  pose : 
       - position : [-2.12532 , 8.39191 , 3.39315]
       - orientation : [0.717005 , 0.696111 , -0.0317027 , 0.0180949]
  RingCirclePositionError : 0
  position_error : 4.52925
  orientation_error : 1.5426
  found_in_gazebo : 1

 ErrorResults 
  stamp : 2025-11-29T16:38:00Z
  target_type : armor_red_1
  model_name : armor_red_1
  pose : 
       - position : [-0.0100714 , 8.43556 , 2.34876]
       - orientation : [0.718376 , 0.695377 , 0.017358 , -0.00917919]
  RingCirclePositionError : 0
  position_error : 0.558076
  orientation_error : 1.53866
  found_in_gazebo : 1

 ErrorResults 
  stamp : 2025-11-29T16:38:00Z
  target_type : armor_red_4
  model_name : armor_red_4
  pose : 
       - position : [3.17078 , 6.27137 , 2.26392]
       - orientation : [0.689576 , 0.724122 , -0.00182046 , -0.0113678]
  RingCirclePositionError : 0
  position_error : 5.50154
  orientation_error : 1.61979
  found_in_gazebo : 1

 ErrorResults 
  stamp : 2025-11-29T16:38:00Z
  target_type : armor_red_3
  model_name : armor_red_3
  pose : 
       - position : [-2.12532 , 8.39191 , 3.39315]
       - orientation : [0.717005 , 0.696111 , -0.0317027 , 0.0180949]
  RingCirclePositionError : 0
  position_error : 4.44397
  orientation_error : 1.5426
  found_in_gazebo : 1

 ErrorResults 
  stamp : 2025-11-29T16:38:01Z
  target_type : armor_red_1
  model_name : armor_red_1
  pose : 
       - position : [-0.0105797 , 8.41717 , 2.34546]
       - orientation : [0.701464 , 0.711712 , 0.0313159 , -0.0208301]
  RingCirclePositionError : 0
  position_error : 0.541743
  orientation_error : 1.58669
  found_in_gazebo : 1

 ErrorResults 
  stamp : 2025-11-29T16:38:01Z
  target_type : armor_red_4
  model_name : armor_red_4
  pose : 
       - position : [3.16124 , 6.25541 , 2.3965]
       - orientation : [0.693108 , 0.720676 , -0.00299341 , -0.0147856]
  RingCirclePositionError : 0
  position_error : 5.48144
  orientation_error : 1.61001
  found_in_gazebo : 1

 ErrorResults 
  stamp : 2025-11-29T16:38:01Z
  target_type : armor_red_3
  model_name : armor_red_3
  pose : 
       - position : [-2.12177 , 8.38721 , 3.38929]
       - orientation : [0.704329 , 0.707947 , -0.0447943 , 0.0269412]
  RingCirclePositionError : 0
  position_error : 4.56035
  orientation_error : 1.57864
  found_in_gazebo : 1

 ErrorResults 
  stamp : 2025-11-29T16:38:01Z
  target_type : armor_red_1
  model_name : armor_red_1
  pose : 
       - position : [-0.0105797 , 8.41717 , 2.34546]
       - orientation : [0.701464 , 0.711712 , 0.0313159 , -0.0208301]
  RingCirclePositionError : 0
  position_error : 0.541743
  orientation_error : 1.58669
  found_in_gazebo : 1

 ErrorResults 
  stamp : 2025-11-29T16:38:01Z
  target_type : armor_red_4
  model_name : armor_red_4
  pose : 
       - position : [3.16376 , 6.26048 , 2.61315]
       - orientation : [0.694132 , 0.719689 , -0.00190498 , -0.0149607]
  RingCirclePositionError : 0
  position_error : 5.4626
  orientation_error : 1.60716
  found_in_gazebo : 1

 ErrorResults 
  stamp : 2025-11-29T16:38:01Z
  target_type : armor_red_3
  model_name : armor_red_3
  pose : 
       - position : [-2.12532 , 8.39191 , 3.39315]
       - orientation : [0.717005 , 0.696111 , -0.0317027 , 0.0180949]
  RingCirclePositionError : 0
  position_error : 4.59202
  orientation_error : 1.5426
  found_in_gazebo : 1

 ErrorResults 
  stamp : 2025-11-29T16:38:01Z
  target_type : armor_red_1
  model_name : armor_red_1
  pose : 
       - position : [-0.0112291 , 8.48555 , 2.36266]
       - orientation : [0.713608 , 0.700486 , -0.00785366 , 0.00461362]
  RingCirclePositionError : 0
  position_error : 0.606137
  orientation_error : 1.55232
  found_in_gazebo : 1

 ErrorResults 
  stamp : 2025-11-29T16:38:01Z
  target_type : armor_red_4
  model_name : armor_red_4
  pose : 
       - position : [3.2304 , 6.38763 , 2.8031]
       - orientation : [0.688309 , 0.725066 , 0.0123733 , -0.0189142]
  RingCirclePositionError : 0
  position_error : 5.47683
  orientation_error : 1.62328
  found_in_gazebo : 1

 ErrorResults 
  stamp : 2025-11-29T16:38:01Z
  target_type : armor_red_3
  model_name : armor_red_3
  pose : 
       - position : [-2.12177 , 8.38721 , 3.38929]
       - orientation : [0.704329 , 0.707947 , -0.0447943 , 0.0269412]
  RingCirclePositionError : 0
  position_error : 4.60283
  orientation_error : 1.57864
  found_in_gazebo : 1

 ErrorResults 
  stamp : 2025-11-29T16:38:01Z
  target_type : armor_red_1
  model_name : armor_red_1
  pose : 
       - position : [-0.0105797 , 8.41717 , 2.34546]
       - orientation : [0.701464 , 0.711712 , 0.0313159 , -0.0208301]
  RingCirclePositionError : 0
  position_error : 0.541743
  orientation_error : 1.58669
  found_in_gazebo : 1

 ErrorResults 
  stamp : 2025-11-29T16:38:01Z
  target_type : armor_red_4
  model_name : armor_red_4
  pose : 
       - position : [3.1914 , 6.3159 , 2.87143]
       - orientation : [0.698128 , 0.715669 , 0.00638499 , -0.019878]
  RingCirclePositionError : 0
  position_error : 5.45925
  orientation_error : 1.59603
  found_in_gazebo : 1

 ErrorResults 
  stamp : 2025-11-29T16:38:01Z
  target_type : armor_red_3
  model_name : armor_red_3
  pose : 
       - position : [-2.12177 , 8.38721 , 3.38929]
       - orientation : [0.704329 , 0.707947 , -0.0447943 , 0.0269412]
  RingCirclePositionError : 0
  position_error : 4.46387
  orientation_error : 1.57864
  found_in_gazebo : 1

 ErrorResults 
  stamp : 2025-11-29T16:38:01Z
  target_type : armor_red_1
  model_name : armor_red_1
  pose : 
       - position : [3.25155 , 6.45177 , 3.62795]
       - orientation : [0.775133 , 0.629874 , 0.0422545 , -0.0253483]
  RingCirclePositionError : 0
  position_error : 3.95219
  orientation_error : 1.36774
  found_in_gazebo : 1

 ErrorResults 
  stamp : 2025-11-29T16:38:01Z
  target_type : armor_red_4
  model_name : armor_red_4
  pose : 
       - position : [-0.0105797 , 8.41717 , 2.34546]
       - orientation : [0.701464 , 0.711712 , 0.0313159 , -0.0208301]
  RingCirclePositionError : 0
  position_error : 2.13547
  orientation_error : 1.58669
  found_in_gazebo : 1

 ErrorResults 
  stamp : 2025-11-29T16:38:01Z
  target_type : armor_red_1
  model_name : armor_red_1
  pose : 
       - position : [-0.0100714 , 8.43556 , 2.34876]
       - orientation : [0.718376 , 0.695377 , 0.017358 , -0.00917919]
  RingCirclePositionError : 0
  position_error : 0.558076
  orientation_error : 1.53866
  found_in_gazebo : 1

 ErrorResults 
  stamp : 2025-11-29T16:38:01Z
  target_type : armor_red_1
  model_name : armor_red_1
  pose : 
       - position : [-0.0100714 , 8.43556 , 2.34876]
       - orientation : [0.718376 , 0.695377 , 0.017358 , -0.00917919]
  RingCirclePositionError : 0
  position_error : 0.558076
  orientation_error : 1.53866
  found_in_gazebo : 1

 ErrorResults 
  stamp : 2025-11-29T16:38:02Z
  target_type : armor_red_1
  model_name : armor_red_1
  pose : 
       - position : [-0.0105797 , 8.41717 , 2.34546]
       - orientation : [0.701464 , 0.711712 , 0.0313159 , -0.0208301]
  RingCirclePositionError : 0
  position_error : 0.541743
  orientation_error : 1.58669
  found_in_gazebo : 1

 ErrorResults 
  stamp : 2025-11-29T16:38:02Z
  target_type : armor_red_1
  model_name : armor_red_1
  pose : 
       - position : [-0.0105797 , 8.41717 , 2.34546]
       - orientation : [0.701464 , 0.711712 , 0.0313159 , -0.0208301]
  RingCirclePositionError : 0
  position_error : 0.541743
  orientation_error : 1.58669
  found_in_gazebo : 1

 ErrorResults 
  stamp : 2025-11-29T16:38:02Z
  target_type : armor_red_1
  model_name : armor_red_1
  pose : 
       - position : [-0.00778558 , 8.48967 , 2.36559]
       - orientation : [0.68472 , 0.728793 , 0.00191165 , -0.00401905]
  RingCirclePositionError : 0
  position_error : 0.611142
  orientation_error : 1.63315
  found_in_gazebo : 1

